#
# There is insufficient memory for the Java Runtime Environment to continue.
# Native memory allocation (mmap) failed to map 50331648 bytes. Error detail: G1 virtual space
# Possible reasons:
#   The system is out of physical RAM or swap space
#   This process is running with CompressedOops enabled, and the Java Heap may be blocking the growth of the native heap
# Possible solutions:
#   Reduce memory load on the system
#   Increase physical memory or swap space
#   Check if swap backing store is full
#   Decrease Java heap size (-Xmx/-Xms)
#   Decrease number of Java threads
#   Decrease Java thread stack sizes (-Xss)
#   Set larger code cache with -XX:ReservedCodeCacheSize=
#   JVM is running with Zero Based Compressed Oops mode in which the Java heap is
#     placed in the first 32GB address space. The Java Heap base address is the
#     maximum limit for the native heap growth. Please use -XX:HeapBaseMinAddress
#     to set the Java Heap base and to place the Java Heap above 32GB virtual address.
# This output file may be truncated or incomplete.
#
#  Out of Memory Error (os_windows.cpp:3714), pid=13872, tid=724
#
# JRE version: OpenJDK Runtime Environment Temurin-21.0.10+7 (21.0.10+7) (build 21.0.10+7-LTS)
# Java VM: OpenJDK 64-Bit Server VM Temurin-21.0.10+7 (21.0.10+7-LTS, mixed mode, sharing, tiered, compressed oops, compressed class ptrs, g1 gc, windows-amd64)
# No core dump will be written. Minidumps are not enabled by default on client versions of Windows
#

---------------  S U M M A R Y ------------

Command Line: --add-opens=java.base/java.lang=ALL-UNNAMED --add-opens=java.base/java.lang.invoke=ALL-UNNAMED --add-opens=java.base/java.util=ALL-UNNAMED --add-opens=java.prefs/java.util.prefs=ALL-UNNAMED --add-exports=jdk.compiler/com.sun.tools.javac.api=ALL-UNNAMED --add-exports=jdk.compiler/com.sun.tools.javac.util=ALL-UNNAMED --add-opens=java.base/java.util=ALL-UNNAMED --add-opens=java.prefs/java.util.prefs=ALL-UNNAMED --add-opens=java.base/java.nio.charset=ALL-UNNAMED --add-opens=java.base/java.net=ALL-UNNAMED --add-opens=java.base/java.util.concurrent.atomic=ALL-UNNAMED --add-opens=java.xml/javax.xml.namespace=ALL-UNNAMED -XX:MaxMetaspaceSize=4G -XX:ReservedCodeCacheSize=512m -XX:+HeapDumpOnOutOfMemoryError -Xmx8G -Dfile.encoding=UTF-8 -Duser.country=BR -Duser.language=pt -Duser.variant -javaagent:C:\Users\Alunos\.gradle\wrapper\dists\gradle-8.14-all\c2qonpi39x1mddn7hk5gh9iqj\gradle-8.14\lib\agents\gradle-instrumentation-agent-8.14.jar org.gradle.launcher.daemon.bootstrap.GradleDaemon 8.14

Host: Intel(R) Core(TM) i3-10100T CPU @ 3.00GHz, 8 cores, 7G,  Windows 11 , 64 bit Build 26100 (10.0.26100.8328)
Time: Thu May  7 17:31:16 2026 Hora oficial do Brasil elapsed time: 82.519819 seconds (0d 0h 1m 22s)

---------------  T H R E A D  ---------------

Current thread (0x000002087b3db320):  VMThread "VM Thread"          [id=724, stack(0x000000fb5a800000,0x000000fb5a900000) (1024K)]

Stack: [0x000000fb5a800000,0x000000fb5a900000]
Native frames: (J=compiled Java code, j=interpreted, Vv=VM code, C=native code)
V  [jvm.dll+0x6d7a39]
V  [jvm.dll+0x8b4b26]
V  [jvm.dll+0x8b70de]
V  [jvm.dll+0x8b77c3]
V  [jvm.dll+0x284346]
V  [jvm.dll+0x6d4355]
V  [jvm.dll+0x6c808a]
V  [jvm.dll+0x35edb8]
V  [jvm.dll+0x3669f6]
V  [jvm.dll+0x3b7afe]
V  [jvm.dll+0x3b7da8]
V  [jvm.dll+0x332fbc]
V  [jvm.dll+0x3357d6]
V  [jvm.dll+0x33f7cd]
V  [jvm.dll+0x374e8f]
V  [jvm.dll+0x8bd4b0]
V  [jvm.dll+0x8be824]
V  [jvm.dll+0x8bed50]
V  [jvm.dll+0x8beff3]
V  [jvm.dll+0x85f59d]
V  [jvm.dll+0x6d626d]
C  [ucrtbase.dll+0x37b0]
C  [KERNEL32.DLL+0x2e957]
C  [ntdll.dll+0x427c]

VM_Operation (0x000000fb5a3ff980): G1PauseRemark, mode: safepoint, requested by thread 0x0000020875b87e10


---------------  P R O C E S S  ---------------

Threads class SMR info:
_java_thread_list=0x000002086e4805f0, length=120, elements={
0x0000020875ad0190, 0x000002087b3f36a0, 0x000002087b3f6110, 0x000002087b3fd6c0,
0x000002087b3ffe30, 0x000002087b4004c0, 0x000002087b3fe3f0, 0x000002087dcc0090,
0x000002087b415b20, 0x000002087b401870, 0x000002087b3fea80, 0x000002087b3ff110,
0x000002087b3ff7a0, 0x000002087b4011e0, 0x000002086d25ac40, 0x000002086d258b70,
0x000002086d25b2d0, 0x000002086d259f20, 0x000002086d257e50, 0x000002086d25b960,
0x000002086d2584e0, 0x000002086d25bff0, 0x000002086d259200, 0x000002086d25a5b0,
0x000002086d25cd10, 0x000002086d259890, 0x000002086d25e750, 0x000002086d25ede0,
0x00000208709c9e00, 0x00000208709c8a50, 0x00000208709cb1b0, 0x00000208709cb840,
0x000002087288eac0, 0x0000020872890500, 0x000002087288e430, 0x0000020872892c60,
0x00000208728925d0, 0x00000208728932f0, 0x0000020872893980, 0x0000020872894010,
0x00000208728946a0, 0x000002086e51b8f0, 0x000002086e51f400, 0x000002086e522880,
0x0000020887ca4880, 0x0000020887ca4f10, 0x0000020887ca7670, 0x0000020887ca6950,
0x0000020887ca55a0, 0x0000020887ca62c0, 0x0000020887ca41f0, 0x0000020887ca7d00,
0x0000020887ca8a20, 0x0000020887ca90b0, 0x0000020887ca8390, 0x0000020887ca9740,
0x0000020887ca6fe0, 0x0000020887cab180, 0x00000208733cfa90, 0x00000208733d0120,
0x00000208733d07b0, 0x00000208733d0e40, 0x00000208733d14d0, 0x00000208733d1b60,
0x0000020873377450, 0x0000020873377ae0, 0x0000020873374660, 0x0000020873378170,
0x0000020873376730, 0x0000020873374cf0, 0x0000020873376dc0, 0x0000020873375380,
0x0000020873378800, 0x00000208733760a0, 0x0000020873378e90, 0x0000020873375a10,
0x000002087337b5f0, 0x000002087337bc80, 0x000002087337a8d0, 0x0000020873379520,
0x000002087337af60, 0x0000020873379bb0, 0x000002087337a240, 0x00000208871c2920,
0x00000208871c2fb0, 0x00000208871c1c00, 0x00000208871c4360, 0x00000208871c3cd0,
0x00000208871c3640, 0x00000208871c2290, 0x00000208871c7150, 0x00000208871c5da0,
0x00000208871c8500, 0x00000208871c8b90, 0x00000208871c9220, 0x00000208871c6430,
0x00000208871c6ac0, 0x00000208874f17e0, 0x00000208874f38b0, 0x00000208874f2500,
0x00000208874f4c60, 0x00000208874f45d0, 0x00000208874f52f0, 0x00000208874f3220,
0x00000208874f1e70, 0x00000208874f5980, 0x00000208874f6010, 0x00000208874f2b90,
0x00000208874f66a0, 0x00000208874f6d30, 0x00000208874f73c0, 0x0000020870b969e0,
0x00000208874f3f40, 0x00000208874fa840, 0x00000208874f8e00, 0x00000208874f9490,
0x00000208874fa1b0, 0x00000208874faed0, 0x00000208874f9b20, 0x0000020888425520
}

Java Threads: ( => current thread )
  0x0000020875ad0190 JavaThread "main"                              [_thread_blocked, id=8100, stack(0x000000fb5a100000,0x000000fb5a200000) (1024K)]
  0x000002087b3f36a0 JavaThread "Reference Handler"          daemon [_thread_blocked, id=9384, stack(0x000000fb5a900000,0x000000fb5aa00000) (1024K)]
  0x000002087b3f6110 JavaThread "Finalizer"                  daemon [_thread_blocked, id=12000, stack(0x000000fb5aa00000,0x000000fb5ab00000) (1024K)]
  0x000002087b3fd6c0 JavaThread "Signal Dispatcher"          daemon [_thread_blocked, id=14160, stack(0x000000fb5ab00000,0x000000fb5ac00000) (1024K)]
  0x000002087b3ffe30 JavaThread "Attach Listener"            daemon [_thread_blocked, id=6252, stack(0x000000fb5ac00000,0x000000fb5ad00000) (1024K)]
  0x000002087b4004c0 JavaThread "Service Thread"             daemon [_thread_blocked, id=2648, stack(0x000000fb5ad00000,0x000000fb5ae00000) (1024K)]
  0x000002087b3fe3f0 JavaThread "Monitor Deflation Thread"   daemon [_thread_blocked, id=7400, stack(0x000000fb5ae00000,0x000000fb5af00000) (1024K)]
  0x000002087dcc0090 JavaThread "C2 CompilerThread0"         daemon [_thread_blocked, id=688, stack(0x000000fb5af00000,0x000000fb5b000000) (1024K)]
  0x000002087b415b20 JavaThread "C1 CompilerThread0"         daemon [_thread_blocked, id=13520, stack(0x000000fb5b000000,0x000000fb5b100000) (1024K)]
  0x000002087b401870 JavaThread "Common-Cleaner"             daemon [_thread_blocked, id=12456, stack(0x000000fb5b100000,0x000000fb5b200000) (1024K)]
  0x000002087b3fea80 JavaThread "Notification Thread"        daemon [_thread_blocked, id=8648, stack(0x000000fb5b200000,0x000000fb5b300000) (1024K)]
  0x000002087b3ff110 JavaThread "Daemon health stats"               [_thread_blocked, id=14236, stack(0x000000fb5b900000,0x000000fb5ba00000) (1024K)]
  0x000002087b3ff7a0 JavaThread "Incoming local TCP Connector on port 51796"        [_thread_in_native, id=3300, stack(0x000000fb5bd00000,0x000000fb5be00000) (1024K)]
  0x000002087b4011e0 JavaThread "Daemon periodic checks"            [_thread_blocked, id=11052, stack(0x000000fb5be00000,0x000000fb5bf00000) (1024K)]
  0x000002086d25ac40 JavaThread "Daemon"                            [_thread_blocked, id=1276, stack(0x000000fb5bf00000,0x000000fb5c000000) (1024K)]
  0x000002086d258b70 JavaThread "Handler for socket connection from /127.0.0.1:51796 to /127.0.0.1:51797"        [_thread_in_native, id=9376, stack(0x000000fb5c000000,0x000000fb5c100000) (1024K)]
  0x000002086d25b2d0 JavaThread "Cancel handler"                    [_thread_blocked, id=5124, stack(0x000000fb5c100000,0x000000fb5c200000) (1024K)]
  0x000002086d259f20 JavaThread "Daemon worker"                     [_thread_blocked, id=10420, stack(0x000000fb5c200000,0x000000fb5c300000) (1024K)]
  0x000002086d257e50 JavaThread "Asynchronous log dispatcher for DefaultDaemonConnection: socket connection from /127.0.0.1:51796 to /127.0.0.1:51797"        [_thread_blocked, id=13792, stack(0x000000fb5c300000,0x000000fb5c400000) (1024K)]
  0x000002086d25b960 JavaThread "Stdin handler"                     [_thread_blocked, id=5000, stack(0x000000fb5c400000,0x000000fb5c500000) (1024K)]
  0x000002086d2584e0 JavaThread "Daemon client event forwarder"        [_thread_blocked, id=12692, stack(0x000000fb5c500000,0x000000fb5c600000) (1024K)]
  0x000002086d25bff0 JavaThread "Cache worker for journal cache (C:\Users\Alunos\.gradle\caches\journal-1)"        [_thread_blocked, id=2632, stack(0x000000fb5c600000,0x000000fb5c700000) (1024K)]
  0x000002086d259200 JavaThread "File lock request listener"        [_thread_in_native, id=8044, stack(0x000000fb5c700000,0x000000fb5c800000) (1024K)]
  0x000002086d25a5b0 JavaThread "Cache worker for file hash cache (C:\Users\Alunos\.gradle\caches\8.14\fileHashes)"        [_thread_blocked, id=2700, stack(0x000000fb5c800000,0x000000fb5c900000) (1024K)]
  0x000002086d25cd10 JavaThread "Cache worker for file hash cache (C:\Users\Alunos\PDM2-261\animated_responsive_layout\android\.gradle\8.14\fileHashes)"        [_thread_blocked, id=5636, stack(0x000000fb5ca00000,0x000000fb5cb00000) (1024K)]
  0x000002086d259890 JavaThread "Cache worker for Build Output Cleanup Cache (C:\Users\Alunos\PDM2-261\animated_responsive_layout\android\.gradle\buildOutputCleanup)"        [_thread_blocked, id=10352, stack(0x000000fb5cb00000,0x000000fb5cc00000) (1024K)]
  0x000002086d25e750 JavaThread "File watcher server"        daemon [_thread_in_native, id=11060, stack(0x000000fb5cc00000,0x000000fb5cd00000) (1024K)]
  0x000002086d25ede0 JavaThread "File watcher consumer"      daemon [_thread_blocked, id=1288, stack(0x000000fb5cd00000,0x000000fb5ce00000) (1024K)]
  0x00000208709c9e00 JavaThread "jar transforms"                    [_thread_blocked, id=6844, stack(0x000000fb5b300000,0x000000fb5b400000) (1024K)]
  0x00000208709c8a50 JavaThread "jar transforms Thread 2"           [_thread_blocked, id=12348, stack(0x000000fb5cf00000,0x000000fb5d000000) (1024K)]
  0x00000208709cb1b0 JavaThread "Cache worker for checksums cache (C:\Users\Alunos\PDM2-261\animated_responsive_layout\android\.gradle\8.14\checksums)"        [_thread_blocked, id=12300, stack(0x000000fb5d000000,0x000000fb5d100000) (1024K)]
  0x00000208709cb840 JavaThread "Cache worker for file content cache (C:\Users\Alunos\.gradle\caches\8.14\fileContent)"        [_thread_blocked, id=3284, stack(0x000000fb5d100000,0x000000fb5d200000) (1024K)]
  0x000002087288eac0 JavaThread "Cache worker for cache directory md-supplier (C:\Users\Alunos\.gradle\caches\8.14\md-supplier)"        [_thread_blocked, id=2032, stack(0x000000fb5ce00000,0x000000fb5cf00000) (1024K)]
  0x0000020872890500 JavaThread "Cache worker for cache directory md-rule (C:\Users\Alunos\.gradle\caches\8.14\md-rule)"        [_thread_blocked, id=3636, stack(0x000000fb5b600000,0x000000fb5b700000) (1024K)]
  0x000002087288e430 JavaThread "Cache worker for Build Output Cleanup Cache (C:\flutter\packages\flutter_tools\gradle\.gradle\buildOutputCleanup)"        [_thread_blocked, id=7828, stack(0x000000fb5d300000,0x000000fb5d400000) (1024K)]
  0x0000020872892c60 JavaThread "Unconstrained build operations"        [_thread_blocked, id=8444, stack(0x000000fb5d400000,0x000000fb5d500000) (1024K)]
  0x00000208728925d0 JavaThread "Unconstrained build operations Thread 2"        [_thread_blocked, id=10256, stack(0x000000fb5d500000,0x000000fb5d600000) (1024K)]
  0x00000208728932f0 JavaThread "Unconstrained build operations Thread 3"        [_thread_blocked, id=13144, stack(0x000000fb5d600000,0x000000fb5d700000) (1024K)]
  0x0000020872893980 JavaThread "Unconstrained build operations Thread 4"        [_thread_blocked, id=5988, stack(0x000000fb5d700000,0x000000fb5d800000) (1024K)]
  0x0000020872894010 JavaThread "Unconstrained build operations Thread 5"        [_thread_blocked, id=7504, stack(0x000000fb5d800000,0x000000fb5d900000) (1024K)]
  0x00000208728946a0 JavaThread "Unconstrained build operations Thread 6"        [_thread_blocked, id=10680, stack(0x000000fb5d900000,0x000000fb5da00000) (1024K)]
  0x000002086e51b8f0 JavaThread "Unconstrained build operations Thread 7"        [_thread_blocked, id=10008, stack(0x000000fb5da00000,0x000000fb5db00000) (1024K)]
  0x000002086e51f400 JavaThread "Unconstrained build operations Thread 8"        [_thread_blocked, id=8424, stack(0x000000fb5db00000,0x000000fb5dc00000) (1024K)]
  0x000002086e522880 JavaThread "Unconstrained build operations Thread 9"        [_thread_blocked, id=13500, stack(0x000000fb5dc00000,0x000000fb5dd00000) (1024K)]
  0x0000020887ca4880 JavaThread "Unconstrained build operations Thread 10"        [_thread_blocked, id=3824, stack(0x000000fb5dd00000,0x000000fb5de00000) (1024K)]
  0x0000020887ca4f10 JavaThread "Unconstrained build operations Thread 11"        [_thread_blocked, id=13916, stack(0x000000fb5de00000,0x000000fb5df00000) (1024K)]
  0x0000020887ca7670 JavaThread "Unconstrained build operations Thread 12"        [_thread_blocked, id=9852, stack(0x000000fb5df00000,0x000000fb5e000000) (1024K)]
  0x0000020887ca6950 JavaThread "Unconstrained build operations Thread 13"        [_thread_blocked, id=14276, stack(0x000000fb5e000000,0x000000fb5e100000) (1024K)]
  0x0000020887ca55a0 JavaThread "Unconstrained build operations Thread 14"        [_thread_blocked, id=5140, stack(0x000000fb5e100000,0x000000fb5e200000) (1024K)]
  0x0000020887ca62c0 JavaThread "Unconstrained build operations Thread 15"        [_thread_blocked, id=2392, stack(0x000000fb5e200000,0x000000fb5e300000) (1024K)]
  0x0000020887ca41f0 JavaThread "Unconstrained build operations Thread 16"        [_thread_blocked, id=14064, stack(0x000000fb5e300000,0x000000fb5e400000) (1024K)]
  0x0000020887ca7d00 JavaThread "Unconstrained build operations Thread 17"        [_thread_blocked, id=8052, stack(0x000000fb5e400000,0x000000fb5e500000) (1024K)]
  0x0000020887ca8a20 JavaThread "Unconstrained build operations Thread 18"        [_thread_blocked, id=3100, stack(0x000000fb5e500000,0x000000fb5e600000) (1024K)]
  0x0000020887ca90b0 JavaThread "Unconstrained build operations Thread 19"        [_thread_blocked, id=11548, stack(0x000000fb5e600000,0x000000fb5e700000) (1024K)]
  0x0000020887ca8390 JavaThread "Unconstrained build operations Thread 20"        [_thread_blocked, id=4916, stack(0x000000fb5e700000,0x000000fb5e800000) (1024K)]
  0x0000020887ca9740 JavaThread "Unconstrained build operations Thread 21"        [_thread_blocked, id=2512, stack(0x000000fb5e800000,0x000000fb5e900000) (1024K)]
  0x0000020887ca6fe0 JavaThread "Memory manager"                    [_thread_blocked, id=2500, stack(0x000000fb5d200000,0x000000fb5d300000) (1024K)]
  0x0000020887cab180 JavaThread "build event listener"              [_thread_blocked, id=5480, stack(0x000000fb5ea00000,0x000000fb5eb00000) (1024K)]
  0x00000208733cfa90 JavaThread "File lock release action executor"        [_thread_blocked, id=13464, stack(0x000000fb5e900000,0x000000fb5ea00000) (1024K)]
  0x00000208733d0120 JavaThread "included builds"                   [_thread_blocked, id=2448, stack(0x000000fb5eb00000,0x000000fb5ec00000) (1024K)]
  0x00000208733d07b0 JavaThread "Execution worker"                  [_thread_blocked, id=6756, stack(0x000000fb5ec00000,0x000000fb5ed00000) (1024K)]
  0x00000208733d0e40 JavaThread "Execution worker Thread 2"         [_thread_blocked, id=12152, stack(0x000000fb5ed00000,0x000000fb5ee00000) (1024K)]
  0x00000208733d14d0 JavaThread "Execution worker Thread 3"         [_thread_blocked, id=7152, stack(0x000000fb5ee00000,0x000000fb5ef00000) (1024K)]
  0x00000208733d1b60 JavaThread "Execution worker Thread 4"         [_thread_blocked, id=6536, stack(0x000000fb5ef00000,0x000000fb5f000000) (1024K)]
  0x0000020873377450 JavaThread "Execution worker Thread 5"         [_thread_blocked, id=10084, stack(0x000000fb5f000000,0x000000fb5f100000) (1024K)]
  0x0000020873377ae0 JavaThread "Execution worker Thread 6"         [_thread_blocked, id=13112, stack(0x000000fb5f100000,0x000000fb5f200000) (1024K)]
  0x0000020873374660 JavaThread "Execution worker Thread 7"         [_thread_blocked, id=516, stack(0x000000fb5f200000,0x000000fb5f300000) (1024K)]
  0x0000020873378170 JavaThread "Cache worker for execution history cache (C:\flutter\packages\flutter_tools\gradle\.gradle\8.14\executionHistory)"        [_thread_blocked, id=11940, stack(0x000000fb59f00000,0x000000fb5a000000) (1024K)]
  0x0000020873376730 JavaThread "Unconstrained build operations Thread 22"        [_thread_blocked, id=9288, stack(0x000000fb5f400000,0x000000fb5f500000) (1024K)]
  0x0000020873374cf0 JavaThread "Unconstrained build operations Thread 23"        [_thread_blocked, id=12212, stack(0x000000fb5f500000,0x000000fb5f600000) (1024K)]
  0x0000020873376dc0 JavaThread "Unconstrained build operations Thread 24"        [_thread_blocked, id=9848, stack(0x000000fb5f600000,0x000000fb5f700000) (1024K)]
  0x0000020873375380 JavaThread "Unconstrained build operations Thread 25"        [_thread_blocked, id=10792, stack(0x000000fb5f700000,0x000000fb5f800000) (1024K)]
  0x0000020873378800 JavaThread "Unconstrained build operations Thread 26"        [_thread_blocked, id=7328, stack(0x000000fb5f800000,0x000000fb5f900000) (1024K)]
  0x00000208733760a0 JavaThread "Unconstrained build operations Thread 27"        [_thread_blocked, id=3124, stack(0x000000fb5f900000,0x000000fb5fa00000) (1024K)]
  0x0000020873378e90 JavaThread "Unconstrained build operations Thread 28"        [_thread_blocked, id=13152, stack(0x000000fb5fa00000,0x000000fb5fb00000) (1024K)]
  0x0000020873375a10 JavaThread "Unconstrained build operations Thread 29"        [_thread_blocked, id=7820, stack(0x000000fb5fb00000,0x000000fb5fc00000) (1024K)]
  0x000002087337b5f0 JavaThread "Unconstrained build operations Thread 30"        [_thread_blocked, id=10452, stack(0x000000fb5fc00000,0x000000fb5fd00000) (1024K)]
  0x000002087337bc80 JavaThread "Unconstrained build operations Thread 31"        [_thread_blocked, id=6676, stack(0x000000fb5fd00000,0x000000fb5fe00000) (1024K)]
  0x000002087337a8d0 JavaThread "Unconstrained build operations Thread 32"        [_thread_blocked, id=7560, stack(0x000000fb5fe00000,0x000000fb5ff00000) (1024K)]
  0x0000020873379520 JavaThread "Unconstrained build operations Thread 33"        [_thread_blocked, id=12744, stack(0x000000fb5ff00000,0x000000fb60000000) (1024K)]
  0x000002087337af60 JavaThread "Unconstrained build operations Thread 34"        [_thread_blocked, id=11332, stack(0x000000fb60000000,0x000000fb60100000) (1024K)]
  0x0000020873379bb0 JavaThread "Unconstrained build operations Thread 35"        [_thread_blocked, id=1644, stack(0x000000fb60100000,0x000000fb60200000) (1024K)]
  0x000002087337a240 JavaThread "Unconstrained build operations Thread 36"        [_thread_blocked, id=11932, stack(0x000000fb60200000,0x000000fb60300000) (1024K)]
  0x00000208871c2920 JavaThread "Unconstrained build operations Thread 37"        [_thread_blocked, id=11476, stack(0x000000fb60300000,0x000000fb60400000) (1024K)]
  0x00000208871c2fb0 JavaThread "Unconstrained build operations Thread 38"        [_thread_blocked, id=2288, stack(0x000000fb60400000,0x000000fb60500000) (1024K)]
  0x00000208871c1c00 JavaThread "Unconstrained build operations Thread 39"        [_thread_blocked, id=8188, stack(0x000000fb60500000,0x000000fb60600000) (1024K)]
  0x00000208871c4360 JavaThread "Unconstrained build operations Thread 40"        [_thread_blocked, id=12780, stack(0x000000fb60600000,0x000000fb60700000) (1024K)]
  0x00000208871c3cd0 JavaThread "Unconstrained build operations Thread 41"        [_thread_blocked, id=7028, stack(0x000000fb60700000,0x000000fb60800000) (1024K)]
  0x00000208871c3640 JavaThread "Unconstrained build operations Thread 42"        [_thread_blocked, id=13800, stack(0x000000fb60800000,0x000000fb60900000) (1024K)]
  0x00000208871c2290 JavaThread "Unconstrained build operations Thread 43"        [_thread_blocked, id=11352, stack(0x000000fb60900000,0x000000fb60a00000) (1024K)]
  0x00000208871c7150 JavaThread "Unconstrained build operations Thread 44"        [_thread_blocked, id=6152, stack(0x000000fb60a00000,0x000000fb60b00000) (1024K)]
  0x00000208871c5da0 JavaThread "WorkerExecutor Queue"              [_thread_blocked, id=14292, stack(0x000000fb5f300000,0x000000fb5f400000) (1024K)]
  0x00000208871c8500 JavaThread "RMI Scheduler(0)"           daemon [_thread_blocked, id=7264, stack(0x000000fb60b00000,0x000000fb60c00000) (1024K)]
  0x00000208871c8b90 JavaThread "RMI GC Daemon"              daemon [_thread_blocked, id=9672, stack(0x000000fb60d00000,0x000000fb60e00000) (1024K)]
  0x00000208871c9220 JavaThread "RMI TCP Accept-0"           daemon [_thread_in_native, id=9704, stack(0x000000fb60e00000,0x000000fb60f00000) (1024K)]
  0x00000208871c6430 JavaThread "RMI Reaper"                        [_thread_blocked, id=11612, stack(0x000000fb60f00000,0x000000fb61000000) (1024K)]
  0x00000208871c6ac0 JavaThread "RMI TCP Connection(2)-127.0.0.1" daemon [_thread_in_native, id=3764, stack(0x000000fb61000000,0x000000fb61100000) (1024K)]
  0x00000208874f17e0 JavaThread "Unconstrained build operations Thread 45"        [_thread_blocked, id=13488, stack(0x000000fb61200000,0x000000fb61300000) (1024K)]
  0x00000208874f38b0 JavaThread "Unconstrained build operations Thread 46"        [_thread_blocked, id=4216, stack(0x000000fb61300000,0x000000fb61400000) (1024K)]
  0x00000208874f2500 JavaThread "Unconstrained build operations Thread 47"        [_thread_blocked, id=4388, stack(0x000000fb61400000,0x000000fb61500000) (1024K)]
  0x00000208874f4c60 JavaThread "Unconstrained build operations Thread 48"        [_thread_blocked, id=8788, stack(0x000000fb61500000,0x000000fb61600000) (1024K)]
  0x00000208874f45d0 JavaThread "Unconstrained build operations Thread 49"        [_thread_blocked, id=2872, stack(0x000000fb61600000,0x000000fb61700000) (1024K)]
  0x00000208874f52f0 JavaThread "Unconstrained build operations Thread 50"        [_thread_blocked, id=10472, stack(0x000000fb61700000,0x000000fb61800000) (1024K)]
  0x00000208874f3220 JavaThread "Unconstrained build operations Thread 51"        [_thread_blocked, id=12728, stack(0x000000fb61800000,0x000000fb61900000) (1024K)]
  0x00000208874f1e70 JavaThread "Unconstrained build operations Thread 52"        [_thread_blocked, id=10516, stack(0x000000fb61900000,0x000000fb61a00000) (1024K)]
  0x00000208874f5980 JavaThread "Unconstrained build operations Thread 53"        [_thread_blocked, id=3924, stack(0x000000fb61a00000,0x000000fb61b00000) (1024K)]
  0x00000208874f6010 JavaThread "Unconstrained build operations Thread 54"        [_thread_blocked, id=9868, stack(0x000000fb61b00000,0x000000fb61c00000) (1024K)]
  0x00000208874f2b90 JavaThread "Unconstrained build operations Thread 55"        [_thread_blocked, id=11072, stack(0x000000fb61c00000,0x000000fb61d00000) (1024K)]
  0x00000208874f66a0 JavaThread "Unconstrained build operations Thread 56"        [_thread_blocked, id=5788, stack(0x000000fb61d00000,0x000000fb61e00000) (1024K)]
  0x00000208874f6d30 JavaThread "Unconstrained build operations Thread 57"        [_thread_blocked, id=13808, stack(0x000000fb61e00000,0x000000fb61f00000) (1024K)]
  0x00000208874f73c0 JavaThread "Unconstrained build operations Thread 58"        [_thread_blocked, id=11752, stack(0x000000fb61f00000,0x000000fb62000000) (1024K)]
  0x0000020870b969e0 JavaThread "C2 CompilerThread1"         daemon [_thread_blocked, id=7652, stack(0x000000fb62000000,0x000000fb62100000) (1024K)]
  0x00000208874f3f40 JavaThread "Unconstrained build operations Thread 59"        [_thread_blocked, id=8852, stack(0x000000fb60c00000,0x000000fb60d00000) (1024K)]
  0x00000208874fa840 JavaThread "Unconstrained build operations Thread 60"        [_thread_blocked, id=11260, stack(0x000000fb62100000,0x000000fb62200000) (1024K)]
  0x00000208874f8e00 JavaThread "Unconstrained build operations Thread 61"        [_thread_blocked, id=9864, stack(0x000000fb62200000,0x000000fb62300000) (1024K)]
  0x00000208874f9490 JavaThread "Unconstrained build operations Thread 62"        [_thread_blocked, id=7476, stack(0x000000fb62300000,0x000000fb62400000) (1024K)]
  0x00000208874fa1b0 JavaThread "Unconstrained build operations Thread 63"        [_thread_blocked, id=3244, stack(0x000000fb62400000,0x000000fb62500000) (1024K)]
  0x00000208874faed0 JavaThread "Unconstrained build operations Thread 64"        [_thread_blocked, id=8528, stack(0x000000fb62500000,0x000000fb62600000) (1024K)]
  0x00000208874f9b20 JavaThread "Unconstrained build operations Thread 65"        [_thread_blocked, id=11356, stack(0x000000fb62600000,0x000000fb62700000) (1024K)]
  0x0000020888425520 JavaThread "C2 CompilerThread2"         daemon [_thread_blocked, id=14748, stack(0x000000fb62700000,0x000000fb62800000) (1024K)]
Total: 120

Other Threads:
=>0x000002087b3db320 VMThread "VM Thread"                           [id=724, stack(0x000000fb5a800000,0x000000fb5a900000) (1024K)]
  0x000002087b3c9cc0 WatcherThread "VM Periodic Task Thread"        [id=5920, stack(0x000000fb5a700000,0x000000fb5a800000) (1024K)]
  0x0000020875b7a0a0 WorkerThread "GC Thread#0"                     [id=9028, stack(0x000000fb5a200000,0x000000fb5a300000) (1024K)]
  0x000002087e0f1320 WorkerThread "GC Thread#1"                     [id=2960, stack(0x000000fb5b400000,0x000000fb5b500000) (1024K)]
  0x000002087e0c8900 WorkerThread "GC Thread#2"                     [id=13988, stack(0x000000fb5b500000,0x000000fb5b600000) (1024K)]
  0x000002087e3d45d0 WorkerThread "GC Thread#3"                     [id=13180, stack(0x000000fb5b700000,0x000000fb5b800000) (1024K)]
  0x000002087e3d4980 WorkerThread "GC Thread#4"                     [id=13400, stack(0x000000fb5b800000,0x000000fb5b900000) (1024K)]
  0x000002086d1899d0 WorkerThread "GC Thread#5"                     [id=728, stack(0x000000fb5ba00000,0x000000fb5bb00000) (1024K)]
  0x000002087e3808e0 WorkerThread "GC Thread#6"                     [id=3168, stack(0x000000fb5bb00000,0x000000fb5bc00000) (1024K)]
  0x000002087e380c90 WorkerThread "GC Thread#7"                     [id=624, stack(0x000000fb5bc00000,0x000000fb5bd00000) (1024K)]
  0x0000020875b87e10 ConcurrentGCThread "G1 Main Marker"            [id=7860, stack(0x000000fb5a300000,0x000000fb5a400000) (1024K)]
  0x000002087b262010 WorkerThread "G1 Conc#0"                       [id=12048, stack(0x000000fb5a400000,0x000000fb5a500000) (1024K)]
  0x000002086e320900 WorkerThread "G1 Conc#1"                       [id=8264, stack(0x000000fb5c900000,0x000000fb5ca00000) (1024K)]
  0x000002087b2972d0 ConcurrentGCThread "G1 Refine#0"               [id=8764, stack(0x000000fb5a500000,0x000000fb5a600000) (1024K)]
  0x000002087b297d60 ConcurrentGCThread "G1 Service"                [id=2848, stack(0x000000fb5a600000,0x000000fb5a700000) (1024K)]
Total: 15

Threads with active compile tasks:
C2 CompilerThread0  82546 21604       4       org.jetbrains.kotlin.container.SingletonDescriptor::getValue (109 bytes)
C2 CompilerThread1  82546 21644       4       org.jetbrains.kotlin.metadata.jvm.JvmProtoBuf$JvmPropertySignature::getSerializedSize (140 bytes)
Total: 2

VM state: at safepoint (normal execution)

VM Mutex/Monitor currently owned by a thread:  ([mutex/lock_event])
[0x00007ffa1578e560] Threads_lock - owner thread: 0x000002087b3db320
[0x00007ffa1578e660] Heap_lock - owner thread: 0x0000020875b87e10

Heap address: 0x0000000600000000, size: 8192 MB, Compressed Oops mode: Zero based, Oop shift amount: 3

CDS archive(s) mapped at: [0x0000020828000000-0x0000020828ba0000-0x0000020828ba0000), size 12189696, SharedBaseAddress: 0x0000020828000000, ArchiveRelocationMode: 1.
Compressed class space mapped at: 0x0000020829000000-0x0000020869000000, reserved size: 1073741824
Narrow klass base: 0x0000020828000000, Narrow klass shift: 0, Narrow klass range: 0x100000000

GC Precious Log:
 CardTable entry size: 512
 Card Set container configuration: InlinePtr #cards 4 size 8 Array Of Cards #cards 32 size 80 Howl #buckets 8 coarsen threshold 7372 Howl Bitmap #cards 1024 size 144 coarsen threshold 921 Card regions per heap region 1 cards per card region 8192
 CPUs: 8 total, 8 available
 Memory: 7583M
 Large Page Support: Disabled
 NUMA Support: Disabled
 Compressed Oops: Enabled (Zero based)
 Heap Region Size: 4M
 Heap Min Capacity: 8M
 Heap Initial Capacity: 120M
 Heap Max Capacity: 8G
 Pre-touch: Disabled
 Parallel Workers: 8
 Concurrent Workers: 2
 Concurrent Refinement Workers: 8
 Periodic GC: Disabled

Heap:
 garbage-first heap   total 266240K, used 209968K [0x0000000600000000, 0x0000000800000000)
  region size 4096K, 11 young (45056K), 3 survivors (12288K)
 Metaspace       used 151449K, committed 154240K, reserved 1245184K
  class space    used 19853K, committed 21248K, reserved 1048576K

Heap Regions: E=young(eden), S=young(survivor), O=old, HS=humongous(starts), HC=humongous(continues), CS=collection set, F=free, TAMS=top-at-mark-start, PB=parsable bottom
|   0|0x0000000600000000, 0x0000000600400000, 0x0000000600400000|100%|HS|  |TAMS 0x0000000600400000| PB 0x0000000600000000| Complete 
|   1|0x0000000600400000, 0x0000000600800000, 0x0000000600800000|100%| O|  |TAMS 0x0000000600800000| PB 0x0000000600800000| Untracked 
|   2|0x0000000600800000, 0x0000000600c00000, 0x0000000600c00000|100%| O|  |TAMS 0x0000000600c00000| PB 0x0000000600c00000| Untracked 
|   3|0x0000000600c00000, 0x0000000601000000, 0x0000000601000000|100%| O|  |TAMS 0x0000000601000000| PB 0x0000000601000000| Untracked 
|   4|0x0000000601000000, 0x0000000601400000, 0x0000000601400000|100%| O|  |TAMS 0x0000000601400000| PB 0x0000000601400000| Untracked 
|   5|0x0000000601400000, 0x0000000601800000, 0x0000000601800000|100%| O|  |TAMS 0x0000000601800000| PB 0x0000000601800000| Updating 
|   6|0x0000000601800000, 0x0000000601c00000, 0x0000000601c00000|100%| O|  |TAMS 0x0000000601c00000| PB 0x0000000601c00000| Untracked 
|   7|0x0000000601c00000, 0x0000000602000000, 0x0000000602000000|100%| O|  |TAMS 0x0000000602000000| PB 0x0000000602000000| Untracked 
|   8|0x0000000602000000, 0x0000000602400000, 0x0000000602400000|100%| O|  |TAMS 0x0000000602400000| PB 0x0000000602400000| Untracked 
|   9|0x0000000602400000, 0x0000000602800000, 0x0000000602800000|100%| O|  |TAMS 0x0000000602800000| PB 0x0000000602800000| Updating 
|  10|0x0000000602800000, 0x0000000602c00000, 0x0000000602c00000|100%| O|  |TAMS 0x0000000602c00000| PB 0x0000000602c00000| Untracked 
|  11|0x0000000602c00000, 0x0000000603000000, 0x0000000603000000|100%|HS|  |TAMS 0x0000000603000000| PB 0x0000000602c00000| Complete 
|  12|0x0000000603000000, 0x0000000603400000, 0x0000000603400000|100%| O|  |TAMS 0x0000000603400000| PB 0x0000000603400000| Untracked 
|  13|0x0000000603400000, 0x0000000603800000, 0x0000000603800000|100%| O|  |TAMS 0x0000000603800000| PB 0x0000000603800000| Updating 
|  14|0x0000000603800000, 0x0000000603c00000, 0x0000000603c00000|100%| O|  |TAMS 0x0000000603c00000| PB 0x0000000603c00000| Untracked 
|  15|0x0000000603c00000, 0x0000000604000000, 0x0000000604000000|100%| O|  |TAMS 0x0000000604000000| PB 0x0000000604000000| Untracked 
|  16|0x0000000604000000, 0x0000000604400000, 0x0000000604400000|100%| O|  |TAMS 0x0000000604400000| PB 0x0000000604400000| Updating 
|  17|0x0000000604400000, 0x0000000604800000, 0x0000000604800000|100%| O|  |TAMS 0x0000000604800000| PB 0x0000000604800000| Untracked 
|  18|0x0000000604800000, 0x0000000604c00000, 0x0000000604c00000|100%| O|  |TAMS 0x0000000604c00000| PB 0x0000000604c00000| Untracked 
|  19|0x0000000604c00000, 0x0000000605000000, 0x0000000605000000|100%| O|  |TAMS 0x0000000605000000| PB 0x0000000605000000| Untracked 
|  20|0x0000000605000000, 0x0000000605400000, 0x0000000605400000|100%| O|  |TAMS 0x0000000605400000| PB 0x0000000605400000| Updating 
|  21|0x0000000605400000, 0x0000000605800000, 0x0000000605800000|100%| O|  |TAMS 0x0000000605800000| PB 0x0000000605800000| Updating 
|  22|0x0000000605800000, 0x0000000605c00000, 0x0000000605c00000|100%| O|  |TAMS 0x0000000605c00000| PB 0x0000000605c00000| Untracked 
|  23|0x0000000605c00000, 0x0000000606000000, 0x0000000606000000|100%| O|  |TAMS 0x0000000606000000| PB 0x0000000606000000| Updating 
|  24|0x0000000606000000, 0x0000000606400000, 0x0000000606400000|100%|HS|  |TAMS 0x0000000606400000| PB 0x0000000606000000| Complete 
|  25|0x0000000606400000, 0x0000000606800000, 0x0000000606800000|100%| O|  |TAMS 0x0000000606800000| PB 0x0000000606800000| Untracked 
|  26|0x0000000606800000, 0x0000000606c00000, 0x0000000606c00000|100%| O|  |TAMS 0x0000000606c00000| PB 0x0000000606c00000| Untracked 
|  27|0x0000000606c00000, 0x0000000607000000, 0x0000000607000000|100%| O|  |TAMS 0x0000000607000000| PB 0x0000000607000000| Untracked 
|  28|0x0000000607000000, 0x0000000607400000, 0x0000000607400000|100%| O|  |TAMS 0x0000000607400000| PB 0x0000000607400000| Updating 
|  29|0x0000000607400000, 0x0000000607800000, 0x0000000607800000|100%| O|  |TAMS 0x0000000607800000| PB 0x0000000607800000| Updating 
|  30|0x0000000607800000, 0x0000000607c00000, 0x0000000607c00000|100%| O|  |TAMS 0x000000060787b320| PB 0x000000060787b320| Untracked 
|  31|0x0000000607c00000, 0x0000000607c00000, 0x0000000608000000|  0%| F|  |TAMS 0x0000000607c00000| PB 0x0000000607c00000| Untracked 
|  32|0x0000000608000000, 0x0000000608400000, 0x0000000608400000|100%| O|  |TAMS 0x0000000608400000| PB 0x0000000608400000| Updating 
|  33|0x0000000608400000, 0x0000000608400000, 0x0000000608800000|  0%| F|  |TAMS 0x0000000608400000| PB 0x0000000608400000| Untracked 
|  34|0x0000000608800000, 0x0000000608800000, 0x0000000608c00000|  0%| F|  |TAMS 0x0000000608800000| PB 0x0000000608800000| Untracked 
|  35|0x0000000608c00000, 0x0000000609000000, 0x0000000609000000|100%|HS|  |TAMS 0x0000000609000000| PB 0x0000000608c00000| Complete 
|  36|0x0000000609000000, 0x0000000609400000, 0x0000000609400000|100%|HC|  |TAMS 0x0000000609400000| PB 0x0000000609000000| Complete 
|  37|0x0000000609400000, 0x0000000609800000, 0x0000000609800000|100%| O|  |TAMS 0x0000000609800000| PB 0x0000000609800000| Untracked 
|  38|0x0000000609800000, 0x0000000609c00000, 0x0000000609c00000|100%| O|  |TAMS 0x0000000609800000| PB 0x0000000609800000| Untracked 
|  39|0x0000000609c00000, 0x000000060a000000, 0x000000060a000000|100%| O|  |TAMS 0x0000000609c00000| PB 0x0000000609c00000| Untracked 
|  40|0x000000060a000000, 0x000000060a10c0a0, 0x000000060a400000| 26%| O|  |TAMS 0x000000060a000000| PB 0x000000060a000000| Updating 
|  41|0x000000060a400000, 0x000000060a800000, 0x000000060a800000|100%| S|CS|TAMS 0x000000060a400000| PB 0x000000060a400000| Complete 
|  42|0x000000060a800000, 0x000000060ac00000, 0x000000060ac00000|100%| S|CS|TAMS 0x000000060a800000| PB 0x000000060a800000| Complete 
|  43|0x000000060ac00000, 0x000000060b000000, 0x000000060b000000|100%| S|CS|TAMS 0x000000060ac00000| PB 0x000000060ac00000| Complete 
|  44|0x000000060b000000, 0x000000060b000000, 0x000000060b400000|  0%| F|  |TAMS 0x000000060b000000| PB 0x000000060b000000| Untracked 
|  45|0x000000060b400000, 0x000000060b400000, 0x000000060b800000|  0%| F|  |TAMS 0x000000060b400000| PB 0x000000060b400000| Untracked 
|  46|0x000000060b800000, 0x000000060b800000, 0x000000060bc00000|  0%| F|  |TAMS 0x000000060b800000| PB 0x000000060b800000| Untracked 
|  47|0x000000060bc00000, 0x000000060bc00000, 0x000000060c000000|  0%| F|  |TAMS 0x000000060bc00000| PB 0x000000060bc00000| Untracked 
|  48|0x000000060c000000, 0x000000060c000000, 0x000000060c400000|  0%| F|  |TAMS 0x000000060c000000| PB 0x000000060c000000| Untracked 
|  49|0x000000060c400000, 0x000000060c400000, 0x000000060c800000|  0%| F|  |TAMS 0x000000060c400000| PB 0x000000060c400000| Untracked 
|  50|0x000000060c800000, 0x000000060c800000, 0x000000060cc00000|  0%| F|  |TAMS 0x000000060c800000| PB 0x000000060c800000| Untracked 
|  51|0x000000060cc00000, 0x000000060cc00000, 0x000000060d000000|  0%| F|  |TAMS 0x000000060cc00000| PB 0x000000060cc00000| Untracked 
|  52|0x000000060d000000, 0x000000060d10e518, 0x000000060d400000| 26%| E|  |TAMS 0x000000060d000000| PB 0x000000060d000000| Complete 
|  53|0x000000060d400000, 0x000000060d800000, 0x000000060d800000|100%| E|CS|TAMS 0x000000060d400000| PB 0x000000060d400000| Complete 
|  54|0x000000060d800000, 0x000000060dc00000, 0x000000060dc00000|100%| E|CS|TAMS 0x000000060d800000| PB 0x000000060d800000| Complete 
|  55|0x000000060dc00000, 0x000000060e000000, 0x000000060e000000|100%| E|CS|TAMS 0x000000060dc00000| PB 0x000000060dc00000| Complete 
|  56|0x000000060e000000, 0x000000060e400000, 0x000000060e400000|100%| E|CS|TAMS 0x000000060e000000| PB 0x000000060e000000| Complete 
|  57|0x000000060e400000, 0x000000060e800000, 0x000000060e800000|100%| E|CS|TAMS 0x000000060e400000| PB 0x000000060e400000| Complete 
|  58|0x000000060e800000, 0x000000060ec00000, 0x000000060ec00000|100%| E|CS|TAMS 0x000000060e800000| PB 0x000000060e800000| Complete 
|  59|0x000000060ec00000, 0x000000060f000000, 0x000000060f000000|100%| E|  |TAMS 0x000000060ec00000| PB 0x000000060ec00000| Complete 
|2043|0x00000007fec00000, 0x00000007ff000000, 0x00000007ff000000|100%| O|  |TAMS 0x00000007ff000000| PB 0x00000007ff000000| Updating 
|2044|0x00000007ff000000, 0x00000007ff400000, 0x00000007ff400000|100%| O|  |TAMS 0x00000007ff400000| PB 0x00000007ff400000| Untracked 
|2045|0x00000007ff400000, 0x00000007ff800000, 0x00000007ff800000|100%| O|  |TAMS 0x00000007ff800000| PB 0x00000007ff800000| Updating 
|2046|0x00000007ff800000, 0x00000007ffc00000, 0x00000007ffc00000|100%| O|  |TAMS 0x00000007ffc00000| PB 0x00000007ffc00000| Updating 
|2047|0x00000007ffc00000, 0x0000000800000000, 0x0000000800000000|100%| O|  |TAMS 0x0000000800000000| PB 0x0000000800000000| Untracked 

Card table byte_map: [0x000002087a220000,0x000002087b220000] _byte_map_base: 0x0000020877220000

Marking Bits: (CMBitMap*) 0x0000020875b7a6c0
 Bits: [0x0000020820000000, 0x0000020828000000)

Polling page: 0x0000020873900000

Metaspace:

Usage:
  Non-class:    128.51 MB used.
      Class:     19.39 MB used.
       Both:    147.90 MB used.

Virtual space:
  Non-class space:      192.00 MB reserved,     129.88 MB ( 68%) committed,  3 nodes.
      Class space:        1.00 GB reserved,      20.75 MB (  2%) committed,  1 nodes.
             Both:        1.19 GB reserved,     150.62 MB ( 12%) committed. 

Chunk freelists:
   Non-Class:  13.48 MB
       Class:  11.25 MB
        Both:  24.73 MB

MaxMetaspaceSize: 4.00 GB
CompressedClassSpaceSize: 1.00 GB
Initial GC threshold: 21.00 MB
Current GC threshold: 246.25 MB
CDS: on
 - commit_granule_bytes: 65536.
 - commit_granule_words: 8192.
 - virtual_space_node_default_size: 8388608.
 - enlarge_chunks_in_place: 1.
 - use_allocation_guard: 0.


Internal statistics:

num_allocs_failed_limit: 12.
num_arena_births: 5084.
num_arena_deaths: 2.
num_vsnodes_births: 4.
num_vsnodes_deaths: 0.
num_space_committed: 2408.
num_space_uncommitted: 0.
num_chunks_returned_to_freelist: 20.
num_chunks_taken_from_freelist: 11658.
num_chunk_merges: 13.
num_chunk_splits: 8070.
num_chunks_enlarged: 5526.
num_inconsistent_stats: 0.

CodeHeap 'non-profiled nmethods': size=259264Kb used=11342Kb max_used=12033Kb free=247921Kb
 bounds [0x00000208102d0000, 0x0000020810ea0000, 0x0000020820000000]
CodeHeap 'profiled nmethods': size=259264Kb used=41705Kb max_used=43613Kb free=217558Kb
 bounds [0x0000020800000000, 0x0000020802aa0000, 0x000002080fd30000]
CodeHeap 'non-nmethods': size=5760Kb used=2969Kb max_used=3132Kb free=2790Kb
 bounds [0x000002080fd30000, 0x0000020810050000, 0x00000208102d0000]
CodeCache: size=524288Kb, used=56016Kb, max_used=58778Kb, free=468269Kb
 total_blobs=19484, nmethods=18290, adapters=1094, full_count=0
Compilation: enabled, stopped_count=0, restarted_count=0

Compilation events (20 events):
Event: 82.445 Thread 0x000002087b415b20 nmethod 21634 0x0000020802a94190 code [0x0000020802a943c0, 0x0000020802a94c58]
Event: 82.445 Thread 0x000002087b415b20 21635       3       org.jetbrains.kotlin.com.intellij.util.containers.RefHashMap::clear (13 bytes)
Event: 82.445 Thread 0x000002087b415b20 nmethod 21635 0x0000020802a94f10 code [0x0000020802a95140, 0x0000020802a95998]
Event: 82.445 Thread 0x000002087b415b20 21636       3       org.jetbrains.kotlin.com.intellij.psi.stubs.StubBase::getChildrenByType (67 bytes)
Event: 82.446 Thread 0x000002087b415b20 nmethod 21636 0x0000020802a95c10 code [0x0000020802a95e40, 0x0000020802a96528]
Event: 82.446 Thread 0x0000020888425520 21637       4       java.lang.Math::ceil (5 bytes)
Event: 82.447 Thread 0x0000020888425520 nmethod 21637 0x0000020810e8e290 code [0x0000020810e8e440, 0x0000020810e8e590]
Event: 82.453 Thread 0x000002087b415b20 21638       3       org.jetbrains.kotlin.metadata.ProtoBuf$Property::hasReturnType (18 bytes)
Event: 82.453 Thread 0x000002087b415b20 nmethod 21638 0x0000020802a96790 code [0x0000020802a96920, 0x0000020802a96a88]
Event: 82.455 Thread 0x000002087b415b20 21639       3       kotlin.ranges.IntProgression::iterator (23 bytes)
Event: 82.455 Thread 0x000002087b415b20 nmethod 21639 0x0000020802a96b10 code [0x0000020802a96cc0, 0x0000020802a96e80]
Event: 82.460 Thread 0x000002087b415b20 21640       3       org.jetbrains.kotlin.metadata.ProtoBuf$TypeParameter$Variance::valueOf (42 bytes)
Event: 82.460 Thread 0x000002087b415b20 nmethod 21640 0x0000020802a96f90 code [0x0000020802a97140, 0x0000020802a97340]
Event: 82.465 Thread 0x0000020870b969e0 21641       4       org.jetbrains.kotlin.load.kotlin.header.ReadKotlinClassHeaderAnnotationVisitor$KotlinMetadataArgumentVisitor::visit (195 bytes)
Event: 82.478 Thread 0x0000020888425520 21642       4       kotlin.sequences.SequencesKt___SequencesKt::filterNot (26 bytes)
Event: 82.479 Thread 0x0000020888425520 nmethod 21642 0x0000020810e8e690 code [0x0000020810e8e820, 0x0000020810e8e948]
Event: 82.483 Thread 0x0000020870b969e0 nmethod 21641 0x0000020810e8ea90 code [0x0000020810e8ed00, 0x0000020810e8fb38]
Event: 82.491 Thread 0x0000020870b969e0 21643       4       org.jetbrains.kotlin.protobuf.AbstractParser::checkMessageInitialized (28 bytes)
Event: 82.492 Thread 0x0000020870b969e0 nmethod 21643 0x0000020810e90210 code [0x0000020810e903a0, 0x0000020810e90480]
Event: 82.502 Thread 0x0000020870b969e0 21644       4       org.jetbrains.kotlin.metadata.jvm.JvmProtoBuf$JvmPropertySignature::getSerializedSize (140 bytes)

GC Heap History (20 events):
Event: 33.838 GC heap before
{Heap before GC invocations=37 (full 0):
 garbage-first heap   total 196608K, used 174122K [0x0000000600000000, 0x0000000800000000)
  region size 4096K, 14 young (57344K), 2 survivors (8192K)
 Metaspace       used 136303K, committed 138752K, reserved 1179648K
  class space    used 18032K, committed 19264K, reserved 1048576K
}
Event: 33.847 GC heap after
{Heap after GC invocations=38 (full 0):
 garbage-first heap   total 196608K, used 131515K [0x0000000600000000, 0x0000000800000000)
  region size 4096K, 2 young (8192K), 2 survivors (8192K)
 Metaspace       used 136303K, committed 138752K, reserved 1179648K
  class space    used 18032K, committed 19264K, reserved 1048576K
}
Event: 36.640 GC heap before
{Heap before GC invocations=39 (full 0):
 garbage-first heap   total 225280K, used 176571K [0x0000000600000000, 0x0000000800000000)
  region size 4096K, 13 young (53248K), 2 survivors (8192K)
 Metaspace       used 138017K, committed 140544K, reserved 1179648K
  class space    used 18126K, committed 19392K, reserved 1048576K
}
Event: 36.650 GC heap after
{Heap after GC invocations=40 (full 0):
 garbage-first heap   total 225280K, used 139097K [0x0000000600000000, 0x0000000800000000)
  region size 4096K, 2 young (8192K), 2 survivors (8192K)
 Metaspace       used 138017K, committed 140544K, reserved 1179648K
  class space    used 18126K, committed 19392K, reserved 1048576K
}
Event: 38.799 GC heap before
{Heap before GC invocations=40 (full 0):
 garbage-first heap   total 225280K, used 196441K [0x0000000600000000, 0x0000000800000000)
  region size 4096K, 16 young (65536K), 2 survivors (8192K)
 Metaspace       used 141674K, committed 144256K, reserved 1179648K
  class space    used 18704K, committed 19968K, reserved 1048576K
}
Event: 38.809 GC heap after
{Heap after GC invocations=41 (full 0):
 garbage-first heap   total 225280K, used 134255K [0x0000000600000000, 0x0000000800000000)
  region size 4096K, 2 young (8192K), 2 survivors (8192K)
 Metaspace       used 141674K, committed 144256K, reserved 1179648K
  class space    used 18704K, committed 19968K, reserved 1048576K
}
Event: 42.145 GC heap before
{Heap before GC invocations=41 (full 0):
 garbage-first heap   total 225280K, used 195695K [0x0000000600000000, 0x0000000800000000)
  region size 4096K, 17 young (69632K), 2 survivors (8192K)
 Metaspace       used 146146K, committed 148736K, reserved 1179648K
  class space    used 19330K, committed 20608K, reserved 1048576K
}
Event: 42.154 GC heap after
{Heap after GC invocations=42 (full 0):
 garbage-first heap   total 225280K, used 140942K [0x0000000600000000, 0x0000000800000000)
  region size 4096K, 3 young (12288K), 3 survivors (12288K)
 Metaspace       used 146146K, committed 148736K, reserved 1179648K
  class space    used 19330K, committed 20608K, reserved 1048576K
}
Event: 77.616 GC heap before
{Heap before GC invocations=42 (full 0):
 garbage-first heap   total 225280K, used 202382K [0x0000000600000000, 0x0000000800000000)
  region size 4096K, 18 young (73728K), 3 survivors (12288K)
 Metaspace       used 148485K, committed 151168K, reserved 1179648K
  class space    used 19625K, committed 20992K, reserved 1048576K
}
Event: 77.638 GC heap after
{Heap after GC invocations=43 (full 0):
 garbage-first heap   total 225280K, used 144811K [0x0000000600000000, 0x0000000800000000)
  region size 4096K, 2 young (8192K), 2 survivors (8192K)
 Metaspace       used 148485K, committed 151168K, reserved 1179648K
  class space    used 19625K, committed 20992K, reserved 1048576K
}
Event: 78.083 GC heap before
{Heap before GC invocations=43 (full 0):
 garbage-first heap   total 225280K, used 202155K [0x0000000600000000, 0x0000000800000000)
  region size 4096K, 16 young (65536K), 2 survivors (8192K)
 Metaspace       used 148562K, committed 151296K, reserved 1179648K
  class space    used 19628K, committed 20992K, reserved 1048576K
}
Event: 78.092 GC heap after
{Heap after GC invocations=44 (full 0):
 garbage-first heap   total 225280K, used 147491K [0x0000000600000000, 0x0000000800000000)
  region size 4096K, 1 young (4096K), 1 survivors (4096K)
 Metaspace       used 148562K, committed 151296K, reserved 1179648K
  class space    used 19628K, committed 20992K, reserved 1048576K
}
Event: 78.640 GC heap before
{Heap before GC invocations=45 (full 0):
 garbage-first heap   total 253952K, used 213027K [0x0000000600000000, 0x0000000800000000)
  region size 4096K, 15 young (61440K), 1 survivors (4096K)
 Metaspace       used 148709K, committed 151424K, reserved 1245184K
  class space    used 19648K, committed 20992K, reserved 1048576K
}
Event: 78.648 GC heap after
{Heap after GC invocations=46 (full 0):
 garbage-first heap   total 253952K, used 161303K [0x0000000600000000, 0x0000000800000000)
  region size 4096K, 2 young (8192K), 2 survivors (8192K)
 Metaspace       used 148709K, committed 151424K, reserved 1245184K
  class space    used 19648K, committed 20992K, reserved 1048576K
}
Event: 79.494 GC heap before
{Heap before GC invocations=46 (full 0):
 garbage-first heap   total 253952K, used 235031K [0x0000000600000000, 0x0000000800000000)
  region size 4096K, 19 young (77824K), 2 survivors (8192K)
 Metaspace       used 148899K, committed 151616K, reserved 1245184K
  class space    used 19662K, committed 20992K, reserved 1048576K
}
Event: 79.515 GC heap after
{Heap after GC invocations=47 (full 0):
 garbage-first heap   total 266240K, used 158963K [0x0000000600000000, 0x0000000800000000)
  region size 4096K, 3 young (12288K), 3 survivors (12288K)
 Metaspace       used 148899K, committed 151616K, reserved 1245184K
  class space    used 19662K, committed 20992K, reserved 1048576K
}
Event: 82.041 GC heap before
{Heap before GC invocations=47 (full 0):
 garbage-first heap   total 266240K, used 236787K [0x0000000600000000, 0x0000000800000000)
  region size 4096K, 22 young (90112K), 3 survivors (12288K)
 Metaspace       used 151376K, committed 154176K, reserved 1245184K
  class space    used 19852K, committed 21248K, reserved 1048576K
}
Event: 82.058 GC heap after
{Heap after GC invocations=48 (full 0):
 garbage-first heap   total 266240K, used 168924K [0x0000000600000000, 0x0000000800000000)
  region size 4096K, 3 young (12288K), 3 survivors (12288K)
 Metaspace       used 151376K, committed 154176K, reserved 1245184K
  class space    used 19852K, committed 21248K, reserved 1048576K
}
Event: 82.286 GC heap before
{Heap before GC invocations=48 (full 0):
 garbage-first heap   total 266240K, used 230364K [0x0000000600000000, 0x0000000800000000)
  region size 4096K, 19 young (77824K), 3 survivors (12288K)
 Metaspace       used 151407K, committed 154176K, reserved 1245184K
  class space    used 19852K, committed 21248K, reserved 1048576K
}
Event: 82.303 GC heap after
{Heap after GC invocations=49 (full 0):
 garbage-first heap   total 266240K, used 185392K [0x0000000600000000, 0x0000000800000000)
  region size 4096K, 3 young (12288K), 3 survivors (12288K)
 Metaspace       used 151407K, committed 154176K, reserved 1245184K
  class space    used 19852K, committed 21248K, reserved 1048576K
}

Dll operation events (15 events):
Event: 0.013 Loaded shared library C:\Users\Alunos\.vscode\extensions\redhat.java-1.54.0-win32-x64\jre\21.0.10-win32-x86_64\bin\java.dll
Event: 0.077 Loaded shared library C:\Users\Alunos\.vscode\extensions\redhat.java-1.54.0-win32-x64\jre\21.0.10-win32-x86_64\bin\zip.dll
Event: 0.099 Loaded shared library C:\Users\Alunos\.vscode\extensions\redhat.java-1.54.0-win32-x64\jre\21.0.10-win32-x86_64\bin\instrument.dll
Event: 0.105 Loaded shared library C:\Users\Alunos\.vscode\extensions\redhat.java-1.54.0-win32-x64\jre\21.0.10-win32-x86_64\bin\net.dll
Event: 0.107 Loaded shared library C:\Users\Alunos\.vscode\extensions\redhat.java-1.54.0-win32-x64\jre\21.0.10-win32-x86_64\bin\nio.dll
Event: 0.110 Loaded shared library C:\Users\Alunos\.vscode\extensions\redhat.java-1.54.0-win32-x64\jre\21.0.10-win32-x86_64\bin\zip.dll
Event: 0.408 Loaded shared library C:\Users\Alunos\.vscode\extensions\redhat.java-1.54.0-win32-x64\jre\21.0.10-win32-x86_64\bin\jimage.dll
Event: 0.567 Loaded shared library C:\Users\Alunos\.vscode\extensions\redhat.java-1.54.0-win32-x64\jre\21.0.10-win32-x86_64\bin\verify.dll
Event: 0.691 Loaded shared library C:\Users\Alunos\.gradle\native\1def1411415f61bf3af743bc5b6707747c0891f09f0c88961ee8f79bc544acac\windows-amd64\native-platform.dll
Event: 0.703 Loaded shared library C:\Users\Alunos\.gradle\native\0.2.7\x86_64-windows-gnu\gradle-fileevents.dll
Event: 1.850 Loaded shared library C:\Users\Alunos\.vscode\extensions\redhat.java-1.54.0-win32-x64\jre\21.0.10-win32-x86_64\bin\management.dll
Event: 1.854 Loaded shared library C:\Users\Alunos\.vscode\extensions\redhat.java-1.54.0-win32-x64\jre\21.0.10-win32-x86_64\bin\management_ext.dll
Event: 2.019 Loaded shared library C:\Users\Alunos\.vscode\extensions\redhat.java-1.54.0-win32-x64\jre\21.0.10-win32-x86_64\bin\extnet.dll
Event: 2.248 Loaded shared library C:\Users\Alunos\.vscode\extensions\redhat.java-1.54.0-win32-x64\jre\21.0.10-win32-x86_64\bin\sunmscapi.dll
Event: 42.684 Loaded shared library C:\Users\Alunos\.vscode\extensions\redhat.java-1.54.0-win32-x64\jre\21.0.10-win32-x86_64\bin\rmi.dll

Deoptimization events (20 events):
Event: 82.242 Thread 0x000002086d259f20 Uncommon trap: trap_request=0xffffffe4 fr.pc=0x0000020810e7a434 relative=0x0000000000000cd4
Event: 82.243 Thread 0x000002086d259f20 Uncommon trap: reason=range_check action=make_not_entrant pc=0x0000020810e7a434 method=java.util.zip.ZipUtils.get16([BI)I @ 11 c2
Event: 82.243 Thread 0x000002086d259f20 DEOPT PACKING pc=0x0000020810e7a434 sp=0x000000fb5c2f5f20
Event: 82.243 Thread 0x000002086d259f20 DEOPT UNPACKING pc=0x000002080fd84422 sp=0x000000fb5c2f5e50 mode 2
Event: 82.340 Thread 0x000002086d259f20 Uncommon trap: trap_request=0xffffffde fr.pc=0x0000020810ab7f60 relative=0x00000000000000a0
Event: 82.340 Thread 0x000002086d259f20 Uncommon trap: reason=class_check action=maybe_recompile pc=0x0000020810ab7f60 method=org.jetbrains.kotlin.com.intellij.openapi.util.io.NioFiles.getFileName(Ljava/nio/file/Path;)Ljava/lang/String; @ 9 c2
Event: 82.340 Thread 0x000002086d259f20 DEOPT PACKING pc=0x0000020810ab7f60 sp=0x000000fb5c2f5d60
Event: 82.340 Thread 0x000002086d259f20 DEOPT UNPACKING pc=0x000002080fd84422 sp=0x000000fb5c2f5c90 mode 2
Event: 82.340 Thread 0x000002086d259f20 Uncommon trap: trap_request=0xffffffde fr.pc=0x0000020810ab7f60 relative=0x00000000000000a0
Event: 82.340 Thread 0x000002086d259f20 Uncommon trap: reason=class_check action=maybe_recompile pc=0x0000020810ab7f60 method=org.jetbrains.kotlin.com.intellij.openapi.util.io.NioFiles.getFileName(Ljava/nio/file/Path;)Ljava/lang/String; @ 9 c2
Event: 82.340 Thread 0x000002086d259f20 DEOPT PACKING pc=0x0000020810ab7f60 sp=0x000000fb5c2f5d60
Event: 82.340 Thread 0x000002086d259f20 DEOPT UNPACKING pc=0x000002080fd84422 sp=0x000000fb5c2f5c90 mode 2
Event: 82.352 Thread 0x000002086d259f20 Uncommon trap: trap_request=0xffffffde fr.pc=0x0000020810ab7f60 relative=0x00000000000000a0
Event: 82.352 Thread 0x000002086d259f20 Uncommon trap: reason=class_check action=maybe_recompile pc=0x0000020810ab7f60 method=org.jetbrains.kotlin.com.intellij.openapi.util.io.NioFiles.getFileName(Ljava/nio/file/Path;)Ljava/lang/String; @ 9 c2
Event: 82.352 Thread 0x000002086d259f20 DEOPT PACKING pc=0x0000020810ab7f60 sp=0x000000fb5c2f5e00
Event: 82.352 Thread 0x000002086d259f20 DEOPT UNPACKING pc=0x000002080fd84422 sp=0x000000fb5c2f5d30 mode 2
Event: 82.352 Thread 0x000002086d259f20 Uncommon trap: trap_request=0xffffffde fr.pc=0x0000020810ab7f60 relative=0x00000000000000a0
Event: 82.352 Thread 0x000002086d259f20 Uncommon trap: reason=class_check action=maybe_recompile pc=0x0000020810ab7f60 method=org.jetbrains.kotlin.com.intellij.openapi.util.io.NioFiles.getFileName(Ljava/nio/file/Path;)Ljava/lang/String; @ 9 c2
Event: 82.352 Thread 0x000002086d259f20 DEOPT PACKING pc=0x0000020810ab7f60 sp=0x000000fb5c2f5e00
Event: 82.352 Thread 0x000002086d259f20 DEOPT UNPACKING pc=0x000002080fd84422 sp=0x000000fb5c2f5d30 mode 2

Classes loaded (20 events):
Event: 43.098 Loading class sun/rmi/transport/Transport$1
Event: 43.098 Loading class sun/rmi/transport/Transport$1 done
Event: 43.099 Loading class sun/rmi/transport/DGCImpl$LeaseInfo
Event: 43.099 Loading class sun/rmi/transport/DGCImpl$LeaseInfo done
Event: 43.099 Loading class sun/rmi/transport/DGCImpl$1
Event: 43.099 Loading class sun/rmi/transport/DGCImpl$1 done
Event: 43.100 Loading class sun/rmi/transport/SequenceEntry
Event: 43.100 Loading class sun/rmi/transport/SequenceEntry done
Event: 68.827 Loading class java/time/Instant$1
Event: 68.827 Loading class java/time/Instant$1 done
Event: 75.035 Loading class java/util/concurrent/ConcurrentLinkedQueue$Itr
Event: 75.055 Loading class java/util/concurrent/ConcurrentLinkedQueue$Itr done
Event: 76.857 Loading class java/util/Collections$ReverseComparator
Event: 76.858 Loading class java/util/Collections$ReverseComparator done
Event: 76.858 Loading class java/util/Collections$ReverseComparator2
Event: 76.858 Loading class java/util/Collections$ReverseComparator2 done
Event: 77.641 Loading class sun/rmi/transport/DGCClient$EndpointEntry$CleanRequest
Event: 77.641 Loading class sun/rmi/transport/DGCClient$EndpointEntry$CleanRequest done
Event: 78.492 Loading class java/util/stream/SortedOps$RefSortingSink
Event: 78.493 Loading class java/util/stream/SortedOps$RefSortingSink done

Classes unloaded (15 events):
Event: 14.889 Thread 0x000002087b3db320 Unloading class 0x000002082957bb90 '_BuildScript_$_run_closure1$_closure2$_closure3$_closure4$_closure10$_closure14'
Event: 14.889 Thread 0x000002087b3db320 Unloading class 0x000002082957b7a0 '_BuildScript_$_run_closure1$_closure2$_closure3$_closure4$_closure10$_closure13'
Event: 14.889 Thread 0x000002087b3db320 Unloading class 0x000002082957b3b0 '_BuildScript_$_run_closure1$_closure2$_closure3$_closure4$_closure10'
Event: 14.889 Thread 0x000002087b3db320 Unloading class 0x000002082957afc0 '_BuildScript_$_run_closure1$_closure2$_closure3$_closure4$_closure9$_closure12'
Event: 14.889 Thread 0x000002087b3db320 Unloading class 0x000002082957abd0 '_BuildScript_$_run_closure1$_closure2$_closure3$_closure4$_closure9'
Event: 14.889 Thread 0x000002087b3db320 Unloading class 0x000002082957a7e0 '_BuildScript_$_run_closure1$_closure2$_closure3$_closure4$_closure8'
Event: 14.889 Thread 0x000002087b3db320 Unloading class 0x000002082957a3f0 '_BuildScript_$_run_closure1$_closure2$_closure3$_closure4$_closure7'
Event: 14.889 Thread 0x000002087b3db320 Unloading class 0x000002082957a000 '_BuildScript_$_run_closure1$_closure2$_closure3$_closure4$_closure6$_closure11'
Event: 14.889 Thread 0x000002087b3db320 Unloading class 0x0000020829579bd0 '_BuildScript_$_run_closure1$_closure2$_closure3$_closure4$_closure6'
Event: 14.889 Thread 0x000002087b3db320 Unloading class 0x00000208295797e0 '_BuildScript_$_run_closure1$_closure2$_closure3$_closure4$_closure5'
Event: 14.889 Thread 0x000002087b3db320 Unloading class 0x00000208295793f0 '_BuildScript_$_run_closure1$_closure2$_closure3$_closure4'
Event: 14.889 Thread 0x000002087b3db320 Unloading class 0x0000020829579000 '_BuildScript_$_run_closure1$_closure2$_closure3'
Event: 14.889 Thread 0x000002087b3db320 Unloading class 0x0000020829578928 '_BuildScript_$_run_closure1$_closure2'
Event: 14.889 Thread 0x000002087b3db320 Unloading class 0x0000020829578538 '_BuildScript_$_run_closure1'
Event: 14.889 Thread 0x000002087b3db320 Unloading class 0x0000020829578000 '_BuildScript_'

Classes redefined (0 events):
No events

Internal exceptions (20 events):
Event: 77.713 Thread 0x000002086d259f20 Implicit null exception at 0x0000020810cf9f6a to 0x0000020810cfa014
Event: 77.984 Thread 0x00000208874f3f40 Implicit null exception at 0x0000020810d1ebc4 to 0x0000020810d1f368
Event: 78.551 Thread 0x000002086d259f20 Exception <a 'sun/nio/fs/WindowsException'{0x000000060d67a718}> (0x000000060d67a718) 
thrown [s\src\hotspot\share\prims\jni.cpp, line 520]
Event: 78.551 Thread 0x000002086d259f20 Exception <a 'sun/nio/fs/WindowsException'{0x000000060d67c8c8}> (0x000000060d67c8c8) 
thrown [s\src\hotspot\share\prims\jni.cpp, line 520]
Event: 79.332 Thread 0x000002086d259f20 Exception <a 'java/lang/NoSuchMethodError'{0x000000060a036f18}: 'java.lang.Object java.lang.invoke.DirectMethodHandle$Holder.invokeSpecial(java.lang.Object, java.lang.Object, java.lang.Object, java.lang.Object, java.lang.Object, java.lang.Object, int)'> (0x000000060a036f18) 
thrown [s\src\hotspot\share\interpreter\linkResolver.cpp, line 773]
Event: 79.338 Thread 0x000002086d259f20 Exception <a 'java/lang/NoSuchMethodError'{0x000000060a056798}: 'java.lang.Object java.lang.invoke.DirectMethodHandle$Holder.newInvokeSpecial(java.lang.Object, java.lang.Object, java.lang.Object, java.lang.Object, java.lang.Object, java.lang.Object, java.lang.Object, int, java.lang.Object)'> (0x000000060a056798) 
thrown [s\src\hotspot\share\interpreter\linkResolver.cpp, line 773]
Event: 80.571 Thread 0x000002086d259f20 Implicit null exception at 0x00000208106fe660 to 0x00000208106fe708
Event: 81.435 Thread 0x000002086d259f20 Exception <a 'java/lang/NoSuchMethodError'{0x000000060bb935b8}: 'java.lang.Object java.lang.invoke.DirectMethodHandle$Holder.invokeStatic(java.lang.Object, java.lang.Object, int, int, java.lang.Object, java.lang.Object, java.lang.Object, java.lang.Object)'> (0x000000060bb935b8) 
thrown [s\src\hotspot\share\interpreter\linkResolver.cpp, line 773]
Event: 81.436 Thread 0x000002086d259f20 Exception <a 'java/lang/NoSuchMethodError'{0x000000060bb9d8c0}: 'java.lang.Object java.lang.invoke.DirectMethodHandle$Holder.newInvokeSpecial(java.lang.Object, java.lang.Object, int, int, java.lang.Object, java.lang.Object, java.lang.Object)'> (0x000000060bb9d8c0) 
thrown [s\src\hotspot\share\interpreter\linkResolver.cpp, line 773]
Event: 81.449 Thread 0x000002086d259f20 Exception <a 'java/lang/NoSuchMethodError'{0x000000060b4068f8}: 'java.lang.Object java.lang.invoke.DirectMethodHandle$Holder.invokeStatic(java.lang.Object, java.lang.Object, int, int, java.lang.Object, java.lang.Object, java.lang.Object, java.lang.Object, java.lang.Object)'> (0x000000060b4068f8) 
thrown [s\src\hotspot\share\interpreter\linkResolver.cpp, line 773]
Event: 81.450 Thread 0x000002086d259f20 Exception <a 'java/lang/NoSuchMethodError'{0x000000060b411298}: 'java.lang.Object java.lang.invoke.DirectMethodHandle$Holder.newInvokeSpecial(java.lang.Object, java.lang.Object, int, int, java.lang.Object, java.lang.Object, java.lang.Object, java.lang.Object)'> (0x000000060b411298) 
thrown [s\src\hotspot\share\interpreter\linkResolver.cpp, line 773]
Event: 81.450 Thread 0x000002086d259f20 Exception <a 'java/lang/NoSuchMethodError'{0x000000060b416e68}: 'java.lang.Object java.lang.invoke.DirectMethodHandle$Holder.invokeSpecial(java.lang.Object, java.lang.Object, java.lang.Object, int, int, java.lang.Object, java.lang.Object, java.lang.Object, java.lang.Object)'> (0x000000060b416e68) 
thrown [s\src\hotspot\share\interpreter\linkResolver.cpp, line 773]
Event: 81.861 Thread 0x000002086d259f20 Exception <a 'sun/nio/fs/WindowsException'{0x000000060ae27010}> (0x000000060ae27010) 
thrown [s\src\hotspot\share\prims\jni.cpp, line 520]
Event: 81.862 Thread 0x000002086d259f20 Exception <a 'sun/nio/fs/WindowsException'{0x000000060ae28c78}> (0x000000060ae28c78) 
thrown [s\src\hotspot\share\prims\jni.cpp, line 520]
Event: 81.866 Thread 0x000002086d259f20 Exception <a 'sun/nio/fs/WindowsException'{0x000000060ae31140}> (0x000000060ae31140) 
thrown [s\src\hotspot\share\prims\jni.cpp, line 520]
Event: 81.871 Thread 0x000002086d259f20 Exception <a 'sun/nio/fs/WindowsException'{0x000000060ae49d20}> (0x000000060ae49d20) 
thrown [s\src\hotspot\share\prims\jni.cpp, line 520]
Event: 81.874 Thread 0x000002086d259f20 Exception <a 'sun/nio/fs/WindowsException'{0x000000060ae53360}> (0x000000060ae53360) 
thrown [s\src\hotspot\share\prims\jni.cpp, line 520]
Event: 81.885 Thread 0x000002086d259f20 Exception <a 'sun/nio/fs/WindowsException'{0x000000060ae59710}> (0x000000060ae59710) 
thrown [s\src\hotspot\share\prims\jni.cpp, line 520]
Event: 82.022 Thread 0x000002086d259f20 Exception <a 'sun/nio/fs/WindowsException'{0x000000060a4f3408}> (0x000000060a4f3408) 
thrown [s\src\hotspot\share\prims\jni.cpp, line 520]
Event: 82.023 Thread 0x000002086d259f20 Exception <a 'sun/nio/fs/WindowsException'{0x000000060a4f4da8}> (0x000000060a4f4da8) 
thrown [s\src\hotspot\share\prims\jni.cpp, line 520]

ZGC Phase Switch (0 events):
No events

VM Operations (20 events):
Event: 80.847 Executing safepoint VM operation: ICBufferFull done
Event: 81.190 Executing non-safepoint VM operation: HandshakeAllThreads (Deoptimize)
Event: 81.190 Executing non-safepoint VM operation: HandshakeAllThreads (Deoptimize) done
Event: 81.296 Executing safepoint VM operation: ICBufferFull
Event: 81.296 Executing safepoint VM operation: ICBufferFull done
Event: 81.516 Executing safepoint VM operation: ICBufferFull
Event: 81.516 Executing safepoint VM operation: ICBufferFull done
Event: 81.600 Executing safepoint VM operation: ICBufferFull
Event: 81.600 Executing safepoint VM operation: ICBufferFull done
Event: 81.632 Executing non-safepoint VM operation: HandshakeAllThreads (Deoptimize)
Event: 81.632 Executing non-safepoint VM operation: HandshakeAllThreads (Deoptimize) done
Event: 81.781 Executing safepoint VM operation: ICBufferFull
Event: 81.781 Executing safepoint VM operation: ICBufferFull done
Event: 81.954 Executing safepoint VM operation: ICBufferFull
Event: 81.954 Executing safepoint VM operation: ICBufferFull done
Event: 82.041 Executing safepoint VM operation: G1CollectForAllocation (G1 Evacuation Pause)
Event: 82.058 Executing safepoint VM operation: G1CollectForAllocation (G1 Evacuation Pause) done
Event: 82.286 Executing safepoint VM operation: G1CollectForAllocation (G1 Evacuation Pause)
Event: 82.303 Executing safepoint VM operation: G1CollectForAllocation (G1 Evacuation Pause) done
Event: 82.504 Executing safepoint VM operation: G1PauseRemark

Memory protections (0 events):
No events

Nmethod flushes (20 events):
Event: 82.513 Thread 0x000002087b3db320 flushing  nmethod 0x0000020801721110
Event: 82.513 Thread 0x000002087b3db320 flushing  nmethod 0x0000020801758090
Event: 82.513 Thread 0x000002087b3db320 flushing  nmethod 0x000002080177db10
Event: 82.513 Thread 0x000002087b3db320 flushing  nmethod 0x00000208017ad290
Event: 82.513 Thread 0x000002087b3db320 flushing  nmethod 0x00000208017b2610
Event: 82.513 Thread 0x000002087b3db320 flushing  nmethod 0x00000208018d0910
Event: 82.513 Thread 0x000002087b3db320 flushing  nmethod 0x000002080199ca10
Event: 82.513 Thread 0x000002087b3db320 flushing  nmethod 0x000002080199ce90
Event: 82.513 Thread 0x000002087b3db320 flushing  nmethod 0x000002080199d890
Event: 82.513 Thread 0x000002087b3db320 flushing  nmethod 0x000002080199dd10
Event: 82.513 Thread 0x000002087b3db320 flushing  nmethod 0x000002080199e390
Event: 82.513 Thread 0x000002087b3db320 flushing  nmethod 0x000002080199ef10
Event: 82.513 Thread 0x000002087b3db320 flushing  nmethod 0x000002080199f310
Event: 82.513 Thread 0x000002087b3db320 flushing  nmethod 0x000002080199f910
Event: 82.513 Thread 0x000002087b3db320 flushing  nmethod 0x0000020801cb0710
Event: 82.513 Thread 0x000002087b3db320 flushing  nmethod 0x0000020801cb5b10
Event: 82.513 Thread 0x000002087b3db320 flushing  nmethod 0x00000208023fdc10
Event: 82.513 Thread 0x000002087b3db320 flushing  nmethod 0x00000208023fe690
Event: 82.513 Thread 0x000002087b3db320 flushing  nmethod 0x0000020802547e10
Event: 82.513 Thread 0x000002087b3db320 flushing  nmethod 0x00000208025b9510

Events (20 events):
Event: 77.144 Thread 0x000002086d259f20 Thread added: 0x00000208874f3220
Event: 77.360 Thread 0x000002086d259f20 Thread added: 0x00000208874f1e70
Event: 77.361 Thread 0x000002086d259f20 Thread added: 0x00000208874f5980
Event: 77.371 Thread 0x000002086d259f20 Thread added: 0x00000208874f6010
Event: 77.372 Thread 0x000002086d259f20 Thread added: 0x00000208874f2b90
Event: 77.374 Thread 0x000002086d259f20 Thread added: 0x00000208874f66a0
Event: 77.376 Thread 0x000002086d259f20 Thread added: 0x00000208874f6d30
Event: 77.378 Thread 0x000002086d259f20 Thread added: 0x00000208874f73c0
Event: 77.571 Thread 0x000002087b415b20 Thread added: 0x0000020870b969e0
Event: 77.646 Thread 0x00000208871c5080 Thread exited: 0x00000208871c5080
Event: 77.693 Thread 0x000002086d259f20 Thread added: 0x00000208874f3f40
Event: 77.695 Thread 0x000002086d259f20 Thread added: 0x00000208874fa840
Event: 77.696 Thread 0x000002086d259f20 Thread added: 0x00000208874f8e00
Event: 77.697 Thread 0x000002086d259f20 Thread added: 0x00000208874f9490
Event: 77.698 Thread 0x000002086d259f20 Thread added: 0x00000208874fa1b0
Event: 77.699 Thread 0x000002086d259f20 Thread added: 0x00000208874faed0
Event: 77.700 Thread 0x000002086d259f20 Thread added: 0x00000208874f9b20
Event: 78.737 Thread 0x000002087dcc0090 Thread added: 0x000002087b416f90
Event: 80.125 Thread 0x000002087b416f90 Thread exited: 0x000002087b416f90
Event: 80.785 Thread 0x000002087b415b20 Thread added: 0x0000020888425520


Dynamic libraries:
0x00007ff7078d0000 - 0x00007ff7078de000 	C:\Users\Alunos\.vscode\extensions\redhat.java-1.54.0-win32-x64\jre\21.0.10-win32-x86_64\bin\java.exe
0x00007ffa8f6a0000 - 0x00007ffa8f907000 	C:\WINDOWS\SYSTEM32\ntdll.dll
0x00007ffa8dbb0000 - 0x00007ffa8dc79000 	C:\WINDOWS\System32\KERNEL32.DLL
0x00007ffa8c3b0000 - 0x00007ffa8c7a7000 	C:\WINDOWS\System32\KERNELBASE.dll
0x00007ffa8d160000 - 0x00007ffa8d2ab000 	C:\WINDOWS\System32\ucrtbase.dll
0x00007ffa76af0000 - 0x00007ffa76b08000 	C:\Users\Alunos\.vscode\extensions\redhat.java-1.54.0-win32-x64\jre\21.0.10-win32-x86_64\bin\jli.dll
0x00007ffa71880000 - 0x00007ffa7189e000 	C:\Users\Alunos\.vscode\extensions\redhat.java-1.54.0-win32-x64\jre\21.0.10-win32-x86_64\bin\VCRUNTIME140.dll
0x00007ffa8d530000 - 0x00007ffa8d6f6000 	C:\WINDOWS\System32\USER32.dll
0x00007ffa8c250000 - 0x00007ffa8c277000 	C:\WINDOWS\System32\win32u.dll
0x00007ffa7a3d0000 - 0x00007ffa7a662000 	C:\WINDOWS\WinSxS\amd64_microsoft.windows.common-controls_6595b64144ccf1df_6.0.26100.8328_none_3e08182ce334b678\COMCTL32.dll
0x00007ffa8d880000 - 0x00007ffa8d8ab000 	C:\WINDOWS\System32\GDI32.dll
0x00007ffa8e080000 - 0x00007ffa8e129000 	C:\WINDOWS\System32\msvcrt.dll
0x00007ffa8c280000 - 0x00007ffa8c3ac000 	C:\WINDOWS\System32\gdi32full.dll
0x00007ffa8d0b0000 - 0x00007ffa8d153000 	C:\WINDOWS\System32\msvcp_win.dll
0x00007ffa8e930000 - 0x00007ffa8e962000 	C:\WINDOWS\System32\IMM32.DLL
0x00007ffa7baa0000 - 0x00007ffa7baac000 	C:\Users\Alunos\.vscode\extensions\redhat.java-1.54.0-win32-x64\jre\21.0.10-win32-x86_64\bin\vcruntime140_1.dll
0x00007ffa31820000 - 0x00007ffa318ad000 	C:\Users\Alunos\.vscode\extensions\redhat.java-1.54.0-win32-x64\jre\21.0.10-win32-x86_64\bin\msvcp140.dll
0x00007ffa14ad0000 - 0x00007ffa15871000 	C:\Users\Alunos\.vscode\extensions\redhat.java-1.54.0-win32-x64\jre\21.0.10-win32-x86_64\bin\server\jvm.dll
0x00007ffa8e210000 - 0x00007ffa8e2c6000 	C:\WINDOWS\System32\ADVAPI32.dll
0x00007ffa8e880000 - 0x00007ffa8e927000 	C:\WINDOWS\System32\sechost.dll
0x00007ffa8da50000 - 0x00007ffa8db68000 	C:\WINDOWS\System32\RPCRT4.dll
0x00007ffa8f580000 - 0x00007ffa8f600000 	C:\WINDOWS\System32\WS2_32.dll
0x00007ffa8bf30000 - 0x00007ffa8bf8e000 	C:\WINDOWS\SYSTEM32\POWRPROF.dll
0x00007ffa7cca0000 - 0x00007ffa7ccd6000 	C:\WINDOWS\SYSTEM32\WINMM.dll
0x00007ffa83980000 - 0x00007ffa8398b000 	C:\WINDOWS\SYSTEM32\VERSION.dll
0x00007ffa8bf10000 - 0x00007ffa8bf24000 	C:\WINDOWS\SYSTEM32\UMPDC.dll
0x00007ffa8ae60000 - 0x00007ffa8ae7b000 	C:\WINDOWS\SYSTEM32\kernel.appcore.dll
0x00007ffa7b740000 - 0x00007ffa7b74a000 	C:\Users\Alunos\.vscode\extensions\redhat.java-1.54.0-win32-x64\jre\21.0.10-win32-x86_64\bin\jimage.dll
0x00007ffa83500000 - 0x00007ffa83742000 	C:\WINDOWS\SYSTEM32\DBGHELP.DLL
0x00007ffa8e4f0000 - 0x00007ffa8e873000 	C:\WINDOWS\System32\combase.dll
0x00007ffa8e130000 - 0x00007ffa8e209000 	C:\WINDOWS\System32\OLEAUT32.dll
0x00007ffa790d0000 - 0x00007ffa7910b000 	C:\WINDOWS\SYSTEM32\dbgcore.DLL
0x00007ffa8d370000 - 0x00007ffa8d418000 	C:\WINDOWS\System32\bcryptPrimitives.dll
0x00007ffa76bc0000 - 0x00007ffa76bcf000 	C:\Users\Alunos\.vscode\extensions\redhat.java-1.54.0-win32-x64\jre\21.0.10-win32-x86_64\bin\instrument.dll
0x00007ffa71040000 - 0x00007ffa71060000 	C:\Users\Alunos\.vscode\extensions\redhat.java-1.54.0-win32-x64\jre\21.0.10-win32-x86_64\bin\java.dll
0x00007ffa8ee00000 - 0x00007ffa8f56e000 	C:\WINDOWS\System32\SHELL32.dll
0x00007ffa8c7b0000 - 0x00007ffa8d01c000 	C:\WINDOWS\System32\windows.storage.dll
0x00007ffa8d780000 - 0x00007ffa8d876000 	C:\WINDOWS\System32\SHCORE.dll
0x00007ffa8d700000 - 0x00007ffa8d766000 	C:\WINDOWS\System32\shlwapi.dll
0x00007ffa8bff0000 - 0x00007ffa8c019000 	C:\WINDOWS\SYSTEM32\profapi.dll
0x00007ffa69660000 - 0x00007ffa69678000 	C:\Users\Alunos\.vscode\extensions\redhat.java-1.54.0-win32-x64\jre\21.0.10-win32-x86_64\bin\zip.dll
0x00007ffa7af10000 - 0x00007ffa7af20000 	C:\Users\Alunos\.vscode\extensions\redhat.java-1.54.0-win32-x64\jre\21.0.10-win32-x86_64\bin\net.dll
0x00007ffa85640000 - 0x00007ffa85769000 	C:\WINDOWS\SYSTEM32\WINHTTP.dll
0x00007ffa8b3d0000 - 0x00007ffa8b43c000 	C:\WINDOWS\system32\mswsock.dll
0x00007ffa68350000 - 0x00007ffa68366000 	C:\Users\Alunos\.vscode\extensions\redhat.java-1.54.0-win32-x64\jre\21.0.10-win32-x86_64\bin\nio.dll
0x00007ffa76ae0000 - 0x00007ffa76af0000 	C:\Users\Alunos\.vscode\extensions\redhat.java-1.54.0-win32-x64\jre\21.0.10-win32-x86_64\bin\verify.dll
0x00007ffa7bc20000 - 0x00007ffa7bc47000 	C:\Users\Alunos\.gradle\native\1def1411415f61bf3af743bc5b6707747c0891f09f0c88961ee8f79bc544acac\windows-amd64\native-platform.dll
0x00007ffa70eb0000 - 0x00007ffa70f28000 	C:\Users\Alunos\.gradle\native\0.2.7\x86_64-windows-gnu\gradle-fileevents.dll
0x00007ffa6a490000 - 0x00007ffa6a49a000 	C:\Users\Alunos\.vscode\extensions\redhat.java-1.54.0-win32-x64\jre\21.0.10-win32-x86_64\bin\management.dll
0x00007ffa6a480000 - 0x00007ffa6a48c000 	C:\Users\Alunos\.vscode\extensions\redhat.java-1.54.0-win32-x64\jre\21.0.10-win32-x86_64\bin\management_ext.dll
0x00007ffa8d770000 - 0x00007ffa8d778000 	C:\WINDOWS\System32\PSAPI.DLL
0x00007ffa8a870000 - 0x00007ffa8a8a2000 	C:\WINDOWS\SYSTEM32\IPHLPAPI.DLL
0x00007ffa8e370000 - 0x00007ffa8e37a000 	C:\WINDOWS\System32\NSI.dll
0x00007ffa6b290000 - 0x00007ffa6b299000 	C:\Users\Alunos\.vscode\extensions\redhat.java-1.54.0-win32-x64\jre\21.0.10-win32-x86_64\bin\extnet.dll
0x00007ffa8b6b0000 - 0x00007ffa8b6cb000 	C:\WINDOWS\SYSTEM32\CRYPTSP.dll
0x00007ffa8adc0000 - 0x00007ffa8adf9000 	C:\WINDOWS\system32\rsaenh.dll
0x00007ffa8b480000 - 0x00007ffa8b4b3000 	C:\WINDOWS\SYSTEM32\USERENV.dll
0x00007ffa8bfc0000 - 0x00007ffa8bfea000 	C:\WINDOWS\SYSTEM32\bcrypt.dll
0x00007ffa8b6d0000 - 0x00007ffa8b6dc000 	C:\WINDOWS\SYSTEM32\CRYPTBASE.dll
0x00007ffa76a60000 - 0x00007ffa76a6e000 	C:\Users\Alunos\.vscode\extensions\redhat.java-1.54.0-win32-x64\jre\21.0.10-win32-x86_64\bin\sunmscapi.dll
0x00007ffa8c0d0000 - 0x00007ffa8c248000 	C:\WINDOWS\System32\CRYPT32.dll
0x00007ffa8b8d0000 - 0x00007ffa8b900000 	C:\WINDOWS\SYSTEM32\ncrypt.dll
0x00007ffa8b880000 - 0x00007ffa8b8bf000 	C:\WINDOWS\SYSTEM32\NTASN1.dll
0x00007ffa61780000 - 0x00007ffa61788000 	C:\WINDOWS\system32\wshunix.dll
0x00007ffa71710000 - 0x00007ffa71728000 	C:\WINDOWS\system32\napinsp.dll
0x00007ffa8a900000 - 0x00007ffa8aa32000 	C:\WINDOWS\SYSTEM32\DNSAPI.dll
0x00007ffa716f0000 - 0x00007ffa71703000 	C:\WINDOWS\System32\winrnr.dll
0x00007ffa71570000 - 0x00007ffa71592000 	C:\WINDOWS\system32\nlansp_c.dll
0x00007ffa85b60000 - 0x00007ffa85b76000 	C:\WINDOWS\system32\wshbth.dll
0x00007ffa83970000 - 0x00007ffa8397b000 	C:\Windows\System32\rasadhlp.dll
0x00007ffa83a00000 - 0x00007ffa83a86000 	C:\WINDOWS\System32\fwpuclnt.dll
0x00007ffa7bcf0000 - 0x00007ffa7bcf7000 	C:\Users\Alunos\.vscode\extensions\redhat.java-1.54.0-win32-x64\jre\21.0.10-win32-x86_64\bin\rmi.dll

JVMTI agents:
C:\Users\Alunos\.gradle\wrapper\dists\gradle-8.14-all\c2qonpi39x1mddn7hk5gh9iqj\gradle-8.14\lib\agents\gradle-instrumentation-agent-8.14.jar path:C:\Users\Alunos\.vscode\extensions\redhat.java-1.54.0-win32-x64\jre\21.0.10-win32-x86_64\bin\instrument.dll, loaded, initialized, instrumentlib options:none

dbghelp: loaded successfully - version: 4.0.5 - missing functions: none
symbol engine: initialized successfully - sym options: 0x614 - pdb path: .;C:\Users\Alunos\.vscode\extensions\redhat.java-1.54.0-win32-x64\jre\21.0.10-win32-x86_64\bin;C:\WINDOWS\SYSTEM32;C:\WINDOWS\WinSxS\amd64_microsoft.windows.common-controls_6595b64144ccf1df_6.0.26100.8328_none_3e08182ce334b678;C:\Users\Alunos\.vscode\extensions\redhat.java-1.54.0-win32-x64\jre\21.0.10-win32-x86_64\bin\server;C:\Users\Alunos\.gradle\native\1def1411415f61bf3af743bc5b6707747c0891f09f0c88961ee8f79bc544acac\windows-amd64;C:\Users\Alunos\.gradle\native\0.2.7\x86_64-windows-gnu

VM Arguments:
jvm_args: --add-opens=java.base/java.lang=ALL-UNNAMED --add-opens=java.base/java.lang.invoke=ALL-UNNAMED --add-opens=java.base/java.util=ALL-UNNAMED --add-opens=java.prefs/java.util.prefs=ALL-UNNAMED --add-exports=jdk.compiler/com.sun.tools.javac.api=ALL-UNNAMED --add-exports=jdk.compiler/com.sun.tools.javac.util=ALL-UNNAMED --add-opens=java.base/java.util=ALL-UNNAMED --add-opens=java.prefs/java.util.prefs=ALL-UNNAMED --add-opens=java.base/java.nio.charset=ALL-UNNAMED --add-opens=java.base/java.net=ALL-UNNAMED --add-opens=java.base/java.util.concurrent.atomic=ALL-UNNAMED --add-opens=java.xml/javax.xml.namespace=ALL-UNNAMED -XX:MaxMetaspaceSize=4G -XX:ReservedCodeCacheSize=512m -XX:+HeapDumpOnOutOfMemoryError -Xmx8G -Dfile.encoding=UTF-8 -Duser.country=BR -Duser.language=pt -Duser.variant -javaagent:C:\Users\Alunos\.gradle\wrapper\dists\gradle-8.14-all\c2qonpi39x1mddn7hk5gh9iqj\gradle-8.14\lib\agents\gradle-instrumentation-agent-8.14.jar 
java_command: org.gradle.launcher.daemon.bootstrap.GradleDaemon 8.14
java_class_path (initial): C:\Users\Alunos\.gradle\wrapper\dists\gradle-8.14-all\c2qonpi39x1mddn7hk5gh9iqj\gradle-8.14\lib\gradle-daemon-main-8.14.jar
Launcher Type: SUN_STANDARD

[Global flags]
     intx CICompilerCount                          = 4                                         {product} {ergonomic}
     uint ConcGCThreads                            = 2                                         {product} {ergonomic}
     uint G1ConcRefinementThreads                  = 8                                         {product} {ergonomic}
   size_t G1HeapRegionSize                         = 4194304                                   {product} {ergonomic}
    uintx GCDrainStackTargetSize                   = 64                                        {product} {ergonomic}
     bool HeapDumpOnOutOfMemoryError               = true                                   {manageable} {command line}
   size_t InitialHeapSize                          = 125829120                                 {product} {ergonomic}
   size_t MarkStackSize                            = 4194304                                   {product} {ergonomic}
   size_t MaxHeapSize                              = 8589934592                                {product} {command line}
   size_t MaxMetaspaceSize                         = 4294967296                                {product} {command line}
   size_t MaxNewSize                               = 5150605312                                {product} {ergonomic}
   size_t MinHeapDeltaBytes                        = 4194304                                   {product} {ergonomic}
   size_t MinHeapSize                              = 8388608                                   {product} {ergonomic}
    uintx NonNMethodCodeHeapSize                   = 5839372                                {pd product} {ergonomic}
    uintx NonProfiledCodeHeapSize                  = 265515770                              {pd product} {ergonomic}
    uintx ProfiledCodeHeapSize                     = 265515770                              {pd product} {ergonomic}
    uintx ReservedCodeCacheSize                    = 536870912                              {pd product} {command line}
     bool SegmentedCodeCache                       = true                                      {product} {ergonomic}
   size_t SoftMaxHeapSize                          = 8589934592                             {manageable} {ergonomic}
     bool UseCompressedOops                        = true                           {product lp64_product} {ergonomic}
     bool UseG1GC                                  = true                                      {product} {ergonomic}
     bool UseLargePagesIndividualAllocation        = false                                  {pd product} {ergonomic}

Logging:
Log output configuration:
 #0: stdout all=warning uptime,level,tags foldmultilines=false
 #1: stderr all=off uptime,level,tags foldmultilines=false

Release file:
JAVA_VERSION="21.0.10" 
MODULES="java.base java.compiler java.datatransfer java.xml java.prefs java.desktop java.instrument java.logging java.management java.security.sasl java.naming java.rmi java.management.rmi java.net.http java.scripting java.security.jgss java.transaction.xa java.sql java.sql.rowset java.xml.crypto java.se java.smartcardio jdk.accessibility jdk.internal.jvmstat jdk.attach jdk.charsets jdk.internal.opt jdk.zipfs jdk.compiler jdk.crypto.ec jdk.crypto.cryptoki jdk.crypto.mscapi jdk.dynalink jdk.internal.ed jdk.editpad jdk.hotspot.agent jdk.httpserver jdk.internal.le jdk.internal.vm.ci jdk.internal.vm.compiler jdk.internal.vm.compiler.management jdk.jartool jdk.javadoc jdk.jcmd jdk.management jdk.management.agent jdk.jconsole jdk.jdeps jdk.jdwp.agent jdk.jdi jdk.jfr jdk.jshell jdk.jsobject jdk.jstatd jdk.localedata jdk.management.jfr jdk.naming.dns jdk.naming.rmi jdk.net jdk.nio.mapmode jdk.random jdk.sctp jdk.security.auth jdk.security.jgss jdk.unsupported jdk.unsupported.desktop jdk.xml.dom" 

Environment Variables:
JAVA_HOME=C:\Program Files\Java\jdk-24
CLASSPATH=C:\GNAT\2014\lib\ajis.jar
PATH=C:\SPARK\gpl-2014\bin;C:\GtkAda\bin;C:\GNAT\2014\bin;C:\Program Files (x86)\Microchip\mplabc18\v3.47\mpasm;C:\Program Files (x86)\Microchip\mplabc18\v3.47\bin;C:\Python310\Scripts\;C:\Python310\;C:\Program Files\Common Files\Oracle\Java\javapath;C:\Program Files (x86)\Common Files\Oracle\Java\java8path;C:\Program Files (x86)\Common Files\Oracle\Java\javapath;C:\WINDOWS\system32;C:\WINDOWS;C:\WINDOWS\System32\Wbem;C:\WINDOWS\System32\WindowsPowerShell\v1.0\;C:\WINDOWS\System32\OpenSSH\;C:\Program Files (x86)\Microchip\MPLAB C32 Suite\bin;C:\Program Files\swipl\bin;C:\Program Files\Microsoft VS Code\bin;C:\Program Files\Java\jdk-24\bin;C:\Program Files\nodejs\;C:\mongodb-database-tools\bin;C:\Program Files\Calibre2\;C:\flutter\bin;C:\sqlite3;C:\Users\Alunos\AppData\Local\Microsoft\WindowsApps;C:\Users\Alunos\AppData\Local\Programs\Git\cmd;C:\Users\Alunos\AppData\Local\GitHubDesktop\bin;C:\ProgramData\Alunos\GitHubDesktop\bin
USERNAME=Alunos
OS=Windows_NT
PROCESSOR_IDENTIFIER=Intel64 Family 6 Model 165 Stepping 3, GenuineIntel
TMP=C:\Users\Alunos\AppData\Local\Temp
TEMP=C:\Users\Alunos\AppData\Local\Temp




Periodic native trim disabled

---------------  S Y S T E M  ---------------

OS:
 Windows 11 , 64 bit Build 26100 (10.0.26100.8328)
OS uptime: 1 days 1:07 hours

CPU: total 8 (initial active 8) (4 cores per cpu, 2 threads per core) family 6 model 165 stepping 3 microcode 0xe0, cx8, cmov, fxsr, ht, mmx, 3dnowpref, sse, sse2, sse3, ssse3, sse4.1, sse4.2, popcnt, lzcnt, tsc, tscinvbit, avx, avx2, aes, erms, clmul, bmi1, bmi2, adx, fma, vzeroupper, clflush, clflushopt, rdtscp, f16c
Processor Information for the first 8 processors :
  Max Mhz: 2901, Current Mhz: 2901, Mhz Limit: 2901

Memory: 4k page, system-wide physical 7583M (743M free)
TotalPageFile size 14366M (AvailPageFile size 36M)
current process WorkingSet (physical memory assigned to process): 583M, peak: 583M
current process commit charge ("private bytes"): 739M, peak: 787M

vm_info: OpenJDK 64-Bit Server VM (21.0.10+7-LTS) for windows-amd64 JRE (21.0.10+7-LTS), built on 2026-01-20T00:00:00Z by "admin" with MS VC++ 17.12 (VS2022)

END.
